Unity Player [version: Unity 4.6.4f1_99f88340878d]

mono.dll caused an Access Violation (0xc0000005)
  in module mono.dll at 0023:10054b1f.

Error occurred at 2015-04-23_160612.
C:\Users\Dom\Documents\GitHub\ConfGame\ConfidenceGame\test2.exe, run by Dom.
34% memory in use.
0 MB physical memory [0 MB free].
0 MB paging file [0 MB free].
0 MB user address space [3771 MB free].
Read from location 0000008e caused an access violation.

Context:
EDI:    0x00000088  ESI: 0x03afadd8  EAX:   0x00000088
EBX:    0x00faed74  ECX: 0x00000001  EDX:   0x00000041
EIP:    0x10054b1f  EBP: 0x00faed44  SegCs: 0x00000023
EFlags: 0x00010206  ESP: 0x00faed44  SegSs: 0x0000002b

Bytes at CS:EIP:
0f be 40 06 5d c3 55 8b ec 56 8b 75 08 80 7e 06 

Stack:
0x00faed44: 00faed60 00435a30 00000088 03b7e628 `...0ZC.....(...
0x00faed54: 00000000 02a616d0 03b7e628 00faeed8 ........(.......
0x00faed64: 00436990 03b7e628 09806030 02e3402c .iC.(...0`..,@..
0x00faed74: 00b275e2 004368f6 07374a3c 0737a9b0 .u...hC.<J7...7.
0x00faed84: 07371ef0 00af858c 09805e88 00faee01 ..7......^......
0x00faed94: 00000000 00000000 00000000 0b9f0101 ................
0x00faeda4: 00000000 00000000 00000000 00000000 ................
0x00faedb4: 00000000 00000000 00000000 00000000 ................
0x00faedc4: 00000000 00000000 00000000 00000000 ................
0x00faedd4: 00000000 00000000 00000000 00000000 ................
0x00faede4: 00000000 00000000 00000000 00000000 ................
0x00faedf4: 00000000 00000000 00000000 00000000 ................
0x00faee04: 00000000 00000000 00000000 00000000 ................
0x00faee14: 00000000 00000000 00000000 00000000 ................
0x00faee24: 00000000 00000000 00000000 00000000 ................
0x00faee34: 00000000 00000000 00000000 00000000 ................
0x00faee44: 00000000 00000000 0b9f9108 00faef01 ................
0x00faee54: 10069f7a 00000002 09766b30 00000064 z.......0kv.d...
0x00faee64: 00000000 00000000 0b9f9020 000203b8 ........ .......
0x00faee74: 00000001 00000000 00000000 00000000 ................
0x00faee84: 00faf0a0 00000000 00000000 00000000 ................
0x00faee94: 00000000 00000000 00010100 02a616d0 ................
0x00faeea4: 0b9f9108 00faeebc 00faed70 00000001 ........p.......
0x00faeeb4: 0737a9b0 00000002 00faef00 02a67f58 ..7.........X...
0x00faeec4: 00000001 00faee01 00000400 0000004e ............N...
0x00faeed4: 0137a9b0 00faef4c 00436eea 0737a9b0 ..7.L....nC...7.
0x00faeee4: 09805e88 00faee01 00faf0a0 3e38d78f .^............8>
0x00faeef4: 0000f285 00000000 00000001 00000001 ................
0x00faef04: 037ea476 00000000 07374a3c 07374a3c v.~.....<J7.<J7.
0x00faef14: 00faf688 00000000 0042f595 0000000d ..........B.....
0x00faef24: 07374a3c 00faf688 00000000 00faf1e4 <J7.............
0x00faef34: 00faf690 09805e88 00faee01 00000013 .....^..........
0x00faef44: 00000002 0000f285 00faf1f4 004343b0 .............CC.
0x00faef54: 07371ef0 074a7598 00faf0a0 3e38d78f ..7..uJ.......8>
0x00faef64: 0000f285 00000000 00000001 00000001 ................
0x00faef74: 037ea476 00000000 07374a3c 011a4040 v.~.....<J7.@@..
0x00faef84: 074a2f80 00000000 779815b1 0f560f11 ./J........w..V.
0x00faef94: 00000080 00000078 011a0000 00faf47c ....x.......|...
0x00faefa4: ffffe00e 044bb584 011a9400 00faf6a0 ......K.........
0x00faefb4: 00faf560 4b000a41 fffff687 04000004 `...A..K........
0x00faefc4: 00000000 00000000 00000000 22002002 ............. ."
0x00faefd4: 00000000 00000000 00000000 4b000a41 ............A..K
0x00faefe4: 00000000 00000000 0000000c 00000000 ................
0x00faeff4: 00000000 00000000 00000000 04000004 ................
0x00faf004: 00000000 22002002 00000000 00000000 ..... ."........
0x00faf014: 074fd9e0 011a00c0 000007ff 074a0104 ..O...........J.
0x00faf024: 0000000f 011a0000 000000c8 3f1c2896 .............(.?
0x00faf034: 044bb584 074a01e8 00000080 044bb584 ..K...J.......K.
0x00faf044: 00faf4ec 00faf4d0 0000077f 00000000 ................
0x00faf054: ffffffff 00000048 bf5db3d7 01000000 ....H.....].....
0x00faf064: 074ffde0 80000000 00000080 01800000 ..O.............
0x00faf074: 00000000 00000000 000000c8 074fd9d8 ..............O.
0x00faf084: 00000001 074fd9e0 00000002 074fd9d8 ......O.......O.
0x00faf094: 074fd9e0 000000b8 0000f0c0 000000b8 ..O.............
0x00faf0a4: 000000b8 00000033 00faf200 00000000 ....3...........
0x00faf0b4: 0000003b 00000018 011a00c0 08c307d0 ;...............
0x00faf0c4: 00000020 00000000 074a2a58 074a7488  .......X*J..tJ.
0x00faf0d4: 779d74a0 08c30000 08c30000 074a7468 .t.w........htJ.
0x00faf0e4: 0000001c 074a7484 0000003e 08c30894 .....tJ.>.......
0x00faf0f4: 08c301c8 00000020 00000000 08c30890 .... ...........
0x00faf104: a60b3101 00faf190 779810e9 00000013 .1.........w....
0x00faf114: 00000000 00bc5e08 074fd9e0 00000013 .....^....O.....
0x00faf124: 0062f93d 074a7818 00000002 00000004 =.b..xJ.........
0x00faf134: 00000000 00000000 00000020 40c00000 ........ ......@
0x00faf144: 433aad88 43045278 07375e00 00000000 ..:CxR.C.^7.....
0x00faf154: 038f0d60 00faf1c0 4394a4f2 00000000 `..........C....
0x00faf164: c20e7d90 433aad88 00000000 00faf190 .}....:C........
0x00faf174: 0070f01b 011a0000 00000000 00000078 ..p.........x...
0x00faf184: 011a47c0 011a47ac 00000000 00faf1b0 .G...G..........
0x00faf194: 0070f01b 011a0000 011a47ec 011a47ec ..p......G...G..
0x00faf1a4: 011a47ac 00000013 00faf1e0 00791515 .G............y.
0x00faf1b4: 011a47ec 0078ae96 00000001 074fd9e0 .G....x.......O.
0x00faf1c4: 0078b86b 074fd9e0 00faf200 00000000 k.x...O.........
0x00faf1d4: 00000001 00000001 00000008 00000000 ................
0x00faf1e4: 00000001 00000001 02a62fd4 0178c798 ........./....x.
0x00faf1f4: 00faf65c 0078c80e 00000000 00200400 \.....x....... .
0x00faf204: 00000000 20800100 20000000 00000000 ....... ... ....
0x00faf214: 00000000 000000b3 0078c760 00000009 ........`.x.....
0x00faf224: 0c042fb0 00000000 7774654e 436b726f ./......NetworkC
0x00faf234: 526c6c61 69656365 00006576 00faf248 allReceive..H...
0x00faf244: 04264a7c 00faf268 04258c26 038d5a00 |J&.h...&.%..Z..
0x00faf254: 00000000 099762a0 04264967 00000000 .....b..gI&.....
0x00faf264: 038d5a00 00faf298 0426487b 09965a08 .Z......{H&..Z..
0x00faf274: 099762a0 439f8000 00000000 00faf288 .b.....C........
0x00faf284: 0424d46c 00000001 00000001 09965288 l.$..........R..
0x00faf294: 0390af50 00faf578 04263e25 038f0b60 P...x...%>&.`...
0x00faf2a4: 00000000 40c00000 439f8000 099659d8 .......@...C.Y..
0x00faf2b4: 00000000 00000018 43c00000 3f800000 ...........C...?
0x00faf2c4: 038f0b60 00000000 40180000 00000000 `..........@....
0x00faf2d4: 3f880000 00000000 4073f000 00000000 ...?......s@....
0x00faf2e4: 00000000 3f54aaab 7f7fffff 3c400000 ......T?......@<
0x00faf2f4: 3f54aaab 00000000 00000000 00000000 ..T?............
0x00faf304: 00000000 00000000 00000000 00000000 ................
0x00faf314: 00000000 00000000 00000000 00000000 ................
0x00faf324: 00000000 00000000 00000000 00000800 ................
0x00faf334: 00000000 00faf33d 00000001 00000000 ....=...........
0x00faf344: 00000000 00000000 00000000 00000000 ................
0x00faf354: 00000000 00000000 00000000 00000000 ................
0x00faf364: 00000000 00000000 00000000 00000000 ................
0x00faf374: 00000000 00000000 00000000 00000000 ................
0x00faf384: 00000000 00000000 00000000 00000000 ................
0x00faf394: 00000000 00000000 00000000 40c00000 ...............@
0x00faf3a4: 439f8000 40c00000 439f8000 00000000 ...C...@...C....
0x00faf3b4: 00000000 00000000 00000000 00000000 ................
0x00faf3c4: 00000000 00000000 02a49dc0 00000000 ................
0x00faf3d4: 044d9a94 044d995c 00faf524 007b31dc ..M.\.M.$....1{.
0x00faf3e4: 02a487b0 bee7e3df 00a0f5a8 00000000 ................
0x00faf3f4: 044d8aac fffffffb ffffffff 00c9f4f0 ..M.............
0x00faf404: 00000004 00000028 00faf428 00272e50 ....(...(...P.'.
0x00faf414: 00000028 00000004 00000000 00c9f4f0 (...............
0x00faf424: 00faf514 00faf450 00272efd 00000028 ....P.....'.(...
0x00faf434: 00000004 0000004e 00000000 00000096 ....N...........
0x00faf444: 00000800 00000000 00faf451 00000701 ........Q.......
0x00faf454: 85183400 3b7f19d3 0a32525a d00a4f02 .4.....;ZR2..O..
0x00faf464: 0000004e 00000000 00ad70cc 0000014e N........p..N...
0x00faf474: 00faf4a0 002aff07 00000000 00000028 ......*.....(...
0x00faf484: 00000004 0000004e 00000000 00ad70cc ....N........p..
0x00faf494: 0000014e 07375e00 00faf514 00faf4cc N....^7.........
0x00faf4a4: 038dde10 0bf8cd30 097af670 038f0d70 ....0...p.z.p...
0x00faf4b4: 09979ee8 00faf4d8 1002ca47 09979ee8 ........G.......
0x00faf4c4: 1002ca50 00faf4e8 00faf584 00faf4e8 P...............
0x00faf4d4: 004dded5 00faf4dc c15a147b 412c7ae1 ..M.....{.Z..z,A
0x00faf4e4: 418170a4 00faf528 0426c947 0bf8cd30 .p.A(...G.&.0...
0x00faf4f4: 00faf508 003c7a67 00000001 004da4c6 ....gz<.......M.
0x00faf504: 09905a00 00faf548 0426c9d0 0000000d .Z..H.....&.....
0x00faf514: 0423e530 038dde10 09905a00 00faf548 0.#......Z..H...
0x00faf524: 039d3300 039d2ac0 09905a00 0426c9b9 .3...*...Z....&.
0x00faf534: 0423e530 038dde10 09905a00 00faf548 0.#......Z..H...
0x00faf544: 0426c9ac 00faf568 0426c991 0000000d ..&.h.....&.....
0x00faf554: 000001b0 000001b0 000001b0 074fd9a0 ..............O.
0x00faf564: 41817000 00faf6a8 0426c502 0000000d .p.A......&.....
0x00faf574: 0bf8cd30 00faf6a8 0426c4b4 038dcf00 0.........&.....
0x00faf584: 00000002 00faf5a8 04264e74 0390f810 ........tN&.....
0x00faf594: c15a147b 412c7ae1 418170a4 00000000 {.Z..z,A.p.A....
0x00faf5a4: 00000000 00000000 00000000 00000000 ................
0x00faf5b4: 00000000 00000000 00000000 00000000 ................
0x00faf5c4: 00000000 00000000 00000000 00000000 ................
0x00faf5d4: 00000000 00000000 00000000 00000000 ................
0x00faf5e4: 00000000 00000000 00000000 00000000 ................
0x00faf5f4: 00000000 00000000 00000000 00000000 ................
0x00faf604: 00000000 00000000 00000000 00faf618 ................
0x00faf614: 09999ed8 00faf638 00278621 038f0b60 ....8...!.'.`...
0x00faf624: 038ddd70 038f0b60 0423e530 102038b8 p...`...0.#..8 .
0x00faf634: 1021d5e0 0bf86730 00faf658 10109aea ..!.0g..X.......
0x00faf644: 1021d5e0 097f573c 097f573c 042490d8 ..!.<W..<W....$.
0x00faf654: 00000004 00faf668 1005dea9 00000009 ....h...........
0x00faf664: 099058e0 ffffffff ffffffff 097fffff .X..............
0x00faf674: 042490d8 ffffffff ffffffff 00faffff ..$.............
0x00faf684: 039d3300 00faf200 000000b3 3e38d78f .3............8>
0x00faf694: 0000f285 011a4040 099058e0 037ea476 ....@@...X..v.~.
0x00faf6a4: 00000000 074a7598 00faf32c 074a2f80 .....uJ.,..../J.
0x00faf6b4: 42c80004 011a4040 00faf200 00979a38 ...B@@......8...
0x00faf6c4: 00faf8f0 0043159a 01faf451 00000036 ......C.Q...6...
0x00faf6d4: 3e38d78f 0000f285 00000009 02a62fd4 ..8>........./..
0x00faf6e4: 00000000 00000000 10001ddd 03af0138 ............8...
0x00faf6f4: 098a1f38 00faf700 00faf704 00faf730 8...........0...
0x00faf704: 100f0542 09979a38 00faf83c 02a62aac B...8...<....*..
0x00faf714: 04258490 00010000 02aa8800 098a1f38 ..%.........8...
0x00faf724: 011a4040 00788866 00faf750 00000002 @@..f.x.P.......
0x00faf734: f4069402 00faf74c 00000004 00000004 ....L...........
0x00faf744: 011a4040 0078888b 007888b2 00faf7a8 @@....x...x.....
0x00faf754: 011a4b14 00faf778 007827fd 074fd9a1 .K..x....'x...O.
0x00faf764: 00faf790 00000008 00faf7a8 0c042fb0 ............./..
0x00faf774: 00000000 00faf798 00432f1d 00faf790 ........./C.....
0x00faf784: 00000040 00000001 011a4040 00000000 @.......@@......
0x00faf794: 76a47e03 00faf8cc 0078b47a 0078b485 .~.v....z.x...x.
0x00faf7a4: 011a4040 00000040 00000040 00000040 @@..@...@...@...
0x00faf7b4: 074fd9a1 02aa8800 00000000 00373c30 ..O.........0<7.
0x00faf7c4: 0000000a 02aa8818 00af858c 098a1f38 ............8...
0x00faf7d4: 00000001 09979a38 0000284e 097c1de8 ....8...N(....|.
0x00faf7e4: 00000101 00000000 00000000 00000000 ................
0x00faf7f4: 00000000 00000000 00000000 00000000 ................
0x00faf804: 00000000 00000000 00000000 00000000 ................
0x00faf814: 00000000 00000000 00000000 00000000 ................
0x00faf824: 00000000 00000000 00000000 00000000 ................
0x00faf834: 00000000 00000000 00000000 00000000 ................
0x00faf844: 00000000 00000000 00000000 00000000 ................
0x00faf854: 00000000 00000000 00000000 00000000 ................
0x00faf864: 00000000 00000000 00000000 00000000 ................
0x00faf874: 00000000 00000000 00000000 00000000 ................
0x00faf884: 00000000 00000000 00000000 02aa8818 ................
0x00faf894: 00000000 00faf8b4 00373e1c 02a62ad4 .........>7..*..
0x00faf8a4: 00373c30 02aa8818 00000000 02a62ad4 0<7..........*..
0x00faf8b4: 00373c30 00faf920 037ea476 00000000 0<7. ...v.~.....
0x00faf8c4: 037ea476 00000000 00faf8f4 0078c035 v.~.........5.x.
0x00faf8d4: 074fd9a1 3e38d78f 0000f285 00000021 ..O...8>....!...
0x00faf8e4: 02a62fd4 00000000 00faf924 00faf924 ./......$...$...
0x00faf8f4: 00431e00 00fafa0b 00000021 404e89bf ..C.....!.....N@
0x00faf904: 00000001 404e89bf 00000000 00faf924 ......N@....$...
0x00faf914: 00437530 00faf91c 404e89c2 00fafa0b 0uC.......N@....
0x00faf924: 00fafa10 003ef32d 00000000 00000000 ....-.>.........
0x00faf934: 75859c00 00af858c 09740d20 09740c00 ...u.... .t...t.
0x00faf944: 00000000 00000000 00000000 ffff0101 ................
0x00faf954: 00000000 00000000 00000001 00000000 ................
0x00faf964: 00000000 00000000 00000000 00000000 ................
0x00faf974: 00000000 00000000 00000000 00000000 ................
0x00faf984: 00000000 00000000 00000000 00000000 ................
0x00faf994: 00000000 00000000 00000000 00000000 ................
0x00faf9a4: 00000000 00faf958 00faf95c 00000000 ....X...\.......
0x00faf9b4: 00000000 00000000 00000000 00000000 ................
0x00faf9c4: 00000000 00000000 00000000 00000001 ................
0x00faf9d4: 00000001 00000000 00000000 00000000 ................
0x00faf9e4: 00000000 00000000 00000000 00000000 ................
0x00faf9f4: 00000000 00000002 ff64d800 00000001 ..........d.....
0x00fafa04: 3f800000 044f2e20 0100fa1c 00fafa4c ...? .O.....L...
0x00fafa14: 0046bd1b 00000000 00000001 00000000 ..F.............
0x00fafa24: 00000010 00000001 00060718 000000ff ................
0x00fafa34: 00000001 08f300ef 037e9cff 000001ce ..........~.....
0x00fafa44: 0000022d 00000620 00fafb64 0046d805 -... ...d.....F.
0x00fafa54: 00715663 00000000 ff644000 02a29adc cVq......@d.....
0x00fafa64: 011a2760 00bfde60 7fffffff 00000035 `'..`.......5...
0x00fafa74: 0000003f 011a2760 02a2a200 0000000f ?...`'..........
0x00fafa84: 0000000f 7fffffff 00000000 0000000f ................
0x00fafa94: 011a1aa8 6f6e6f00 6374652f 00fafa00 .....ono/etc....
0x00fafaa4: 0072a929 00000000 0000000f 0000000f ).r.............
0x00fafab4: 02a29db8 02a29df0 02a29df0 00c7c1b8 ................
0x00fafac4: 02a29b28 011a05a8 00fafa00 00fafb00 (...............
0x00fafad4: 00000040 0000004f 00bfde60 010a1930 @...O...`...0...
0x00fafae4: 02a29be0 00000004 00fafa24 7797c60c ........$......w
0x00fafaf4: 0000004f 0000004f 49656e69 02a2a300 O...O...ineI....
0x00fafb04: 00000000 00000000 00ad6eb4 00000000 .........n......
0x00fafb14: 0000000f 00fafb48 00000000 616e614d ....H.......Mana
0x00fafb24: 00646567 00718adb 00000000 00000007 ged...q.........
0x00fafb34: 0000000f 00718ae8 010a1930 6f6e6f4d ......q.0...Mono
0x00fafb44: 6e6f6d2f 6c642e6f 0000006c 0000000d /mono.dll.......
0x00fafb54: 0000000f 011a1aa8 00000000 00000000 ................
0x00fafb64: 00fafb7c 006e0728 00270000 00000000 |...(.n...'.....
0x00fafb74: 01393f82 00000001 00fafc0c 00715610 .?9..........Vq.
0x00fafb84: 00270000 00000000 01393f82 00000001 ..'......?9.....
0x00fafb94: c5b7fd28 00715663 00715663 ff644000 (...cVq.cVq..@d.
0x00fafba4: 00000044 01392166 01392146 013920c6 D...f!9.F!9.. 9.
0x00fafbb4: 00000000 00000000 00000000 00000000 ................
0x00fafbc4: 00000000 00000000 00000000 00000401 ................
0x00fafbd4: 00000001 00000000 00000000 0bc710fb ................
0x00fafbe4: 00000000 c0000005 00715663 00000000 ........cVq.....
0x00fafbf4: 00fafb94 00fae774 00fafc58 007173f0 ....t...X....sq.
0x00fafc04: c58b8a94 00000000 00fafc20 75487c04 ........ ....|Hu
0x00fafc14: ff644000 75487be0 0da52e3a 00fafc68 .@d..{Hu:...h...
0x00fafc24: 7799ad1f ff644000 0f560399 00000000 ...w.@d...V.....
0x00fafc34: 00000000 ff644000 c0000005 7775f510 .....@d.......uw
0x00fafc44: 00000000 00fae754 0f560399 00fafc2c ....T.....V.,...
0x00fafc54: 00fae754 00fafc70 779d74a0 783552c1 T...p....t.w.R5x
0x00fafc64: 00000000 00fafc78 7799acea ffffffff ....x......w....
0x00fafc74: 7798022b 00000000 00000000 00715663 +..w........cVq.
0x00fafc84: ff644000 00000000 00000000 00000000 .@d.............
0x00fafc94: 00000000 00000000 00000000 00000000 ................
0x00fafca4: 00000000 00000000 00000000 00000000 ................
0x00fafcb4: 00000000 00000000 00000000 00000000 ................
0x00fafcc4: 00000000 00000000 00000000 00000000 ................
0x00fafcd4: 00000000 00000000 00000000 00000000 ................
0x00fafce4: 00000000 00000000 00000000 00000000 ................
0x00fafcf4: 00000000 00000000 00000000 00000000 ................
0x00fafd04: 00000000 00000000 00000000 00000000 ................
0x00fafd14: 00000000 00000000 00000000 00000000 ................
0x00fafd24: 00000000 00000000 00000000 00000000 ................
0x00fafd34: 00000000 00000000 00000000 00000000 ................
0x00fafd44: 00000000 00000000 00000000 00000000 ................
0x00fafd54: 00000000 00000000 00000000 00000000 ................
0x00fafd64: 00000000 00000000 00000000 00000000 ................
0x00fafd74: 00000000 00000000 00000000 00000000 ................
0x00fafd84: 00000000 00000000 00000000 00000000 ................
0x00fafd94: 00000000 00000000 00000000 00000000 ................
0x00fafda4: 00000000 00000000 00000000 00000000 ................
0x00fafdb4: 00000000 00000000 00000000 00000000 ................
0x00fafdc4: 00000000 00000000 00000000 00000000 ................
0x00fafdd4: 00000000 00000000 00000000 00000000 ................
0x00fafde4: 00000000 00000000 00000000 00000000 ................
0x00fafdf4: 00000000 00000000 00000000 00000000 ................
0x00fafe04: 00000000 00000000 00000000 00000000 ................
0x00fafe14: 00000000 00000000 00000000 00000000 ................
0x00fafe24: 00000000 00000000 00000000 00000000 ................
0x00fafe34: 00000000 00000000 00000000 00000000 ................
0x00fafe44: 00000000 00000000 00000000 00000000 ................
0x00fafe54: 00000000 00000000 00000000 00000000 ................
0x00fafe64: 00000000 00000000 00000000 00000000 ................
0x00fafe74: 00000000 00000000 00000000 00000000 ................
0x00fafe84: 00000000 00000000 00000000 00000000 ................
0x00fafe94: 00000000 00000000 00000000 00000000 ................
0x00fafea4: 00000000 00000000 00000000 00000000 ................
0x00fafeb4: 00000000 00000000 00000000 00000000 ................
0x00fafec4: 00000000 00000000 00000000 00000000 ................
0x00fafed4: 00000000 00000000 00000000 00000000 ................
0x00fafee4: 00000000 00000000 00000000 00000000 ................
0x00fafef4: 00000000 00000000 00000000 00000000 ................
0x00faff04: 00000000 00000000 00000000 00000000 ................
0x00faff14: 00000000 00000000 00000000 00000000 ................
0x00faff24: 00000000 00000000 00000000 00000000 ................
0x00faff34: 00000000 00000000 00000000 00000000 ................
0x00faff44: 00000000 00000000 00000000 00000000 ................
0x00faff54: 00000000 00000000 00000000 00000000 ................
0x00faff64: 00000000 00000000 00000000 00000000 ................
0x00faff74: 00000000 00000000 00000000 00000000 ................
0x00faff84: 00000000 00000000 00000000 00000000 ................
0x00faff94: 00000000 00000000 00000000 00000000 ................
0x00faffa4: 00000000 00000000 00000000 00000000 ................
0x00faffb4: 00000000 00000000 00000000 00000000 ................
0x00faffc4: 00000000 00000000 00000000 00000000 ................
0x00faffd4: 00000000 00000000 00000000 00000000 ................
0x00faffe4: 00000000 00000000 00000000 00000000 ................
0x00fafff4: 00000000 00000000 00000000          ............

Module 1
C:\Users\Dom\Documents\GitHub\ConfGame\ConfidenceGame\test2.exe
Image Base: 0x00270000  Image Size: 0x00bb9000
File Size:  11628032    File Time:  2015-03-24_050318
Version:
   Company:    
   Product:    
   FileDesc:   
   FileVer:    4.6.4.63619
   ProdVer:    4.6.4.63619

Module 2
C:\Windows\system32\nvspcap.dll
Image Base: 0x10000000  Image Size: 0x00114000
File Size:  1126480     File Time:  2014-08-08_172218
Version:
   Company:    NVIDIA Corporation
   Product:    NVIDIA GeForce Experience
   FileDesc:   NVIDIA Capture Server Proxy
   FileVer:    15.3.36.0
   ProdVer:    15.3.36.0

Module 3
C:\Windows\SYSTEM32\xinput1_3.dll
Image Base: 0x00400000  Image Size: 0x00016000
File Size:  81768       File Time:  2007-04-04_195342
Version:
   Company:    Microsoft Corporation
   Product:    Microsoft® DirectX for Windows®
   FileDesc:   Microsoft Common Controller API
   FileVer:    9.18.944.0
   ProdVer:    9.18.944.0

Module 4
C:\Users\Dom\Documents\GitHub\ConfGame\ConfidenceGame\test2_Data\Mono\mono.dll
Image Base: 0x10000000  Image Size: 0x0022f000
File Size:  2102784     File Time:  2015-03-24_043656
Version:
   Company:    
   Product:    
   FileDesc:   
   FileVer:    0.0.0.0
   ProdVer:    0.0.0.0

Module 5
C:\Windows\SYSTEM32\IME\shared\imetip.dll
Image Base: 0x575e0000  Image Size: 0x000d5000
File Size:  859648      File Time:  2014-10-28_182916
Version:
   Company:    Microsoft Corporation
   Product:    Microsoft IME 2012
   FileDesc:   Microsoft IME 2012
   FileVer:    15.0.9600.17415
   ProdVer:    15.0.9600.17415

Module 6
C:\Windows\SYSTEM32\IME\IMEJP\imjppred.dll
Image Base: 0x576c0000  Image Size: 0x000a4000
File Size:  662016      File Time:  2014-10-28_182314
Version:
   Company:    Microsoft Corporation
   Product:    Microsoft IME 2012
   FileDesc:   Microsoft IME 2012
   FileVer:    15.0.9600.17415
   ProdVer:    15.0.9600.17415

Module 7
C:\Windows\SYSTEM32\IME\IMEJP\imjpapi.dll
Image Base: 0x57770000  Image Size: 0x0018b000
File Size:  1598976     File Time:  2014-10-28_182256
Version:
   Company:    Microsoft Corporation
   Product:    Microsoft IME 2012
   FileDesc:   Microsoft IME 2012
   FileVer:    15.0.9600.17415
   ProdVer:    15.0.9600.17415

Module 8
C:\Windows\SYSTEM32\IME\IMEJP\imjptip.dll
Image Base: 0x57900000  Image Size: 0x00210000
File Size:  2144768     File Time:  2014-10-28_182526
Version:
   Company:    Microsoft Corporation
   Product:    Microsoft IME 2012
   FileDesc:   Microsoft IME 2012
   FileVer:    15.0.9600.17415
   ProdVer:    15.0.9600.17415

Module 9
C:\Windows\SYSTEM32\nvwgf2um.dll
Image Base: 0x60c20000  Image Size: 0x00f56000
File Size:  16122344    File Time:  2014-07-02_134832
Version:
   Company:    NVIDIA Corporation
   Product:    NVIDIA D3D10 drivers
   FileDesc:   NVIDIA D3D10 Driver, Version 340.52 
   FileVer:    9.18.13.4052
   ProdVer:    9.18.13.4052

Module 10
C:\Windows\SYSTEM32\IME\SHARED\imesearchdll.dll
Image Base: 0x65e50000  Image Size: 0x0001b000
File Size:  95744       File Time:  2014-10-28_183834
Version:
   Company:    Microsoft Corporation
   Product:    Microsoft IME 2012
   FileDesc:   IME search module
   FileVer:    15.0.9600.17415
   ProdVer:    15.0.9600.17415

Module 11
C:\Windows\SYSTEM32\wer.dll
Image Base: 0x66010000  Image Size: 0x0006e000
File Size:  448792      File Time:  2014-12-08_124232
Version:
   Company:    Microsoft Corporation
   Product:    Microsoft® Windows® Operating System
   FileDesc:   Windows Error Reporting DLL
   FileVer:    6.3.9600.17550
   ProdVer:    6.3.9600.17550

Module 12
C:\Windows\SYSTEM32\IME\shared\imecfm.dll
Image Base: 0x66080000  Image Size: 0x00018000
File Size:  89088       File Time:  2014-10-28_182424
Version:
   Company:    Microsoft Corporation
   Product:    Microsoft IME 2012
   FileDesc:   Microsoft IME 2012
   FileVer:    15.0.9600.17415
   ProdVer:    15.0.9600.17415

Module 13
C:\Windows\SYSTEM32\IME\shared\imjkapi.dll
Image Base: 0x661f0000  Image Size: 0x00030000
File Size:  181248      File Time:  2014-10-28_183624
Version:
   Company:    Microsoft Corporation
   Product:    Microsoft IME 2012
   FileDesc:   Microsoft IME 2012
   FileVer:    15.0.9600.17415
   ProdVer:    15.0.9600.17415

Module 14
C:\Windows\SYSTEM32\DUI70.dll
Image Base: 0x662f0000  Image Size: 0x00169000
File Size:  1461248     File Time:  2014-10-28_175232
Version:
   Company:    Microsoft Corporation
   Product:    Microsoft® Windows® Operating System
   FileDesc:   Windows DirectUI Engine
   FileVer:    6.3.9600.17415
   ProdVer:    6.3.9600.17415

Module 15
C:\Windows\SYSTEM32\ksuser.dll
Image Base: 0x67470000  Image Size: 0x00007000
File Size:  19096       File Time:  2014-10-28_200702
Version:
   Company:    Microsoft Corporation
   Product:    Microsoft® Windows® Operating System
   FileDesc:   User CSA Library
   FileVer:    6.3.9600.17415
   ProdVer:    6.3.9600.17415

Module 16
C:\Windows\system32\nvapi.dll
Image Base: 0x677b0000  Image Size: 0x002d2000
File Size:  2814656     File Time:  2014-07-02_134832
Version:
   Company:    NVIDIA Corporation
   Product:    NVIDIA Windows drivers
   FileDesc:   NVIDIA NVAPI Library, Version 340.52 
   FileVer:    9.18.13.4052
   ProdVer:    9.18.13.4052

Module 17
C:\Windows\SYSTEM32\d3d11.dll
Image Base: 0x6b7c0000  Image Size: 0x001d9000
File Size:  1946144     File Time:  2014-10-28_201204
Version:
   Company:    Microsoft Corporation
   Product:    Microsoft® Windows® Operating System
   FileDesc:   Direct3D 11 Runtime
   FileVer:    6.3.9600.17415
   ProdVer:    6.3.9600.17415

Module 18
C:\Windows\SYSTEM32\dsound.dll
Image Base: 0x6bab0000  Image Size: 0x00081000
File Size:  517120      File Time:  2014-10-28_184754
Version:
   Company:    Microsoft Corporation
   Product:    Microsoft® Windows® Operating System
   FileDesc:   DirectSound
   FileVer:    6.3.9600.17415
   ProdVer:    6.3.9600.17415

Module 19
C:\Windows\SYSTEM32\dxgi.dll
Image Base: 0x6bce0000  Image Size: 0x00069000
File Size:  430176      File Time:  2014-10-28_201204
Version:
   Company:    Microsoft Corporation
   Product:    Microsoft® Windows® Operating System
   FileDesc:   DirectX Graphics Infrastructure
   FileVer:    6.3.9600.17415
   ProdVer:    6.3.9600.17415

Module 20
C:\Windows\SYSTEM32\DDRAW.dll
Image Base: 0x6e100000  Image Size: 0x000ec000
File Size:  544256      File Time:  2014-10-28_175248
Version:
   Company:    Microsoft Corporation
   Product:    Microsoft® Windows® Operating System
   FileDesc:   Microsoft DirectDraw
   FileVer:    6.3.9600.17415
   ProdVer:    6.3.9600.17415

Module 21
C:\Windows\SYSTEM32\dbghelp.dll
Image Base: 0x6e6d0000  Image Size: 0x00141000
File Size:  1207296     File Time:  2014-10-28_175954
Version:
   Company:    Microsoft Corporation
   Product:    Microsoft® Windows® Operating System
   FileDesc:   Windows Image Helper
   FileVer:    6.3.9600.17415
   ProdVer:    6.3.9600.17415

Module 22
C:\Windows\SYSTEM32\OPENGL32.dll
Image Base: 0x6e820000  Image Size: 0x000de000
File Size:  777728      File Time:  2014-10-28_185752
Version:
   Company:    Microsoft Corporation
   Product:    Microsoft® Windows® Operating System
   FileDesc:   OpenGL Client DLL
   FileVer:    6.3.9600.17415
   ProdVer:    6.3.9600.17415

Module 23
C:\Windows\SYSTEM32\HID.DLL
Image Base: 0x6f540000  Image Size: 0x0000a000
File Size:  26624       File Time:  2014-10-28_180540
Version:
   Company:    Microsoft Corporation
   Product:    Microsoft® Windows® Operating System
   FileDesc:   Hid User Library
   FileVer:    6.3.9600.17415
   ProdVer:    6.3.9600.17415

Module 24
C:\Windows\SYSTEM32\wdmaud.drv
Image Base: 0x6f9c0000  Image Size: 0x00036000
File Size:  197120      File Time:  2014-10-28_175318
Version:
   Company:    Microsoft Corporation
   Product:    Microsoft® Windows® Operating System
   FileDesc:   Winmm  audio system driver
   FileVer:    6.3.9600.17415
   ProdVer:    6.3.9600.17415

Module 25
C:\Windows\SYSTEM32\PROPSYS.dll
Image Base: 0x6fe20000  Image Size: 0x0013a000
File Size:  1287112     File Time:  2014-10-28_201056
Version:
   Company:    Microsoft Corporation
   Product:    Windows® Search
   FileDesc:   Microsoft Property System
   FileVer:    7.0.9600.17415
   ProdVer:    7.0.9600.17415

Module 26
C:\Windows\System32\rasadhlp.dll
Image Base: 0x70260000  Image Size: 0x00008000
File Size:  12288       File Time:  2014-10-28_180534
Version:
   Company:    Microsoft Corporation
   Product:    Microsoft® Windows® Operating System
   FileDesc:   Remote Access AutoDial Helper
   FileVer:    6.3.9600.17415
   ProdVer:    6.3.9600.17415

Module 27
C:\Windows\System32\fwpuclnt.dll
Image Base: 0x70270000  Image Size: 0x00046000
File Size:  272384      File Time:  2014-10-28_175632
Version:
   Company:    Microsoft Corporation
   Product:    Microsoft® Windows® Operating System
   FileDesc:   FWP/IPsec User-Mode API
   FileVer:    6.3.9600.17415
   ProdVer:    6.3.9600.17415

Module 28
C:\Windows\system32\wshbth.dll
Image Base: 0x702c0000  Image Size: 0x00010000
File Size:  50688       File Time:  2014-10-28_180034
Version:
   Company:    Microsoft Corporation
   Product:    Microsoft® Windows® Operating System
   FileDesc:   Windows Sockets Helper DLL
   FileVer:    6.3.9600.17415
   ProdVer:    6.3.9600.17415

Module 29
C:\Program Files (x86)\Bonjour\mdnsNSP.dll
Image Base: 0x702d0000  Image Size: 0x00021000
File Size:  121704      File Time:  2011-08-30_230502
Version:
   Company:    Apple Inc.
   Product:    Bonjour
   FileDesc:   Bonjour Namespace Provider
   FileVer:    3.0.0.10
   ProdVer:    3.0.0.10

Module 30
C:\Windows\System32\winrnr.dll
Image Base: 0x70300000  Image Size: 0x0000a000
File Size:  23040       File Time:  2014-10-28_185950
Version:
   Company:    Microsoft Corporation
   Product:    Microsoft® Windows® Operating System
   FileDesc:   LDAP RnR Provider DLL
   FileVer:    6.3.9600.17415
   ProdVer:    6.3.9600.17415

Module 31
C:\Windows\SYSTEM32\DNSAPI.dll
Image Base: 0x70310000  Image Size: 0x0007e000
File Size:  498688      File Time:  2014-10-28_180628
Version:
   Company:    Microsoft Corporation
   Product:    Microsoft® Windows® Operating System
   FileDesc:   DNS Client API DLL
   FileVer:    6.3.9600.17415
   ProdVer:    6.3.9600.17415

Module 32
C:\Windows\system32\NLAapi.dll
Image Base: 0x70390000  Image Size: 0x00014000
File Size:  65536       File Time:  2014-10-28_180158
Version:
   Company:    Microsoft Corporation
   Product:    Microsoft® Windows® Operating System
   FileDesc:   Network Location Awareness 2
   FileVer:    6.3.9600.17415
   ProdVer:    6.3.9600.17415

Module 33
C:\Windows\system32\pnrpnsp.dll
Image Base: 0x703b0000  Image Size: 0x00016000
File Size:  70144       File Time:  2014-10-28_180424
Version:
   Company:    Microsoft Corporation
   Product:    Microsoft® Windows® Operating System
   FileDesc:   PNRP Name Space Provider
   FileVer:    6.3.9600.17415
   ProdVer:    6.3.9600.17415

Module 34
C:\Windows\system32\napinsp.dll
Image Base: 0x703d0000  Image Size: 0x00011000
File Size:  55296       File Time:  2014-10-28_185812
Version:
   Company:    Microsoft Corporation
   Product:    Microsoft® Windows® Operating System
   FileDesc:   E-mail Naming Shim Provider
   FileVer:    6.3.9600.17415
   ProdVer:    6.3.9600.17415

Module 35
C:\Windows\SYSTEM32\WINHTTP.dll
Image Base: 0x70570000  Image Size: 0x0009f000
File Size:  631808      File Time:  2014-10-28_175622
Version:
   Company:    Microsoft Corporation
   Product:    Microsoft® Windows® Operating System
   FileDesc:   Windows HTTP Services
   FileVer:    6.3.9600.17415
   ProdVer:    6.3.9600.17415

Module 36
C:\Windows\system32\apphelp.dll
Image Base: 0x706c0000  Image Size: 0x000a0000
File Size:  642560      File Time:  2014-10-28_190014
Version:
   Company:    Microsoft Corporation
   Product:    Microsoft® Windows® Operating System
   FileDesc:   Application Compatibility Client Library
   FileVer:    6.3.9600.17415
   ProdVer:    6.3.9600.17415

Module 37
C:\Windows\SYSTEM32\OLEACC.dll
Image Base: 0x70760000  Image Size: 0x00050000
File Size:  306688      File Time:  2014-10-28_175806
Version:
   Company:    Microsoft Corporation
   Product:    Microsoft® Windows® Operating System
   FileDesc:   Active Accessibility Core Component
   FileVer:    7.2.9600.17415
   ProdVer:    6.3.9600.17415

Module 38
C:\Windows\SYSTEM32\GLU32.dll
Image Base: 0x70870000  Image Size: 0x00025000
File Size:  140288      File Time:  2014-10-28_185952
Version:
   Company:    Microsoft Corporation
   Product:    Microsoft® Windows® Operating System
   FileDesc:   OpenGL Utility Library DLL
   FileVer:    6.3.9600.17415
   ProdVer:    6.3.9600.17415

Module 39
C:\Windows\WinSxS\x86_microsoft.windows.common-controls_6595b64144ccf1df_6.0.9600.17415_none_a9ed7f470139b3c1\comctl32.dll
Image Base: 0x70c80000  Image Size: 0x00206000
File Size:  2105856     File Time:  2014-10-28_190302
Version:
   Company:    Microsoft Corporation
   Product:    Microsoft® Windows® Operating System
   FileDesc:   User Experience Controls Library
   FileVer:    6.10.9600.17415
   ProdVer:    6.3.9600.17415

Module 40
C:\Windows\SYSTEM32\MSACM32.dll
Image Base: 0x70f10000  Image Size: 0x00017000
File Size:  89816       File Time:  2014-10-28_200702
Version:
   Company:    Microsoft Corporation
   Product:    Microsoft® Windows® Operating System
   FileDesc:   Microsoft ACM Audio Filter
   FileVer:    6.3.9600.17415
   ProdVer:    6.3.9600.17415

Module 41
C:\Windows\SYSTEM32\midimap.dll
Image Base: 0x710b0000  Image Size: 0x00008000
File Size:  18944       File Time:  2014-10-28_185824
Version:
   Company:    Microsoft Corporation
   Product:    Microsoft® Windows® Operating System
   FileDesc:   Microsoft MIDI Mapper
   FileVer:    6.3.9600.17415
   ProdVer:    6.3.9600.17415

Module 42
C:\Windows\SYSTEM32\powrprof.dll
Image Base: 0x716b0000  Image Size: 0x00040000
File Size:  255136      File Time:  2014-10-28_201846
Version:
   Company:    Microsoft Corporation
   Product:    Microsoft® Windows® Operating System
   FileDesc:   Power Profile Helper DLL
   FileVer:    6.3.9600.17415
   ProdVer:    6.3.9600.17415

Module 43
C:\Windows\SYSTEM32\AUDIOSES.DLL
Image Base: 0x716f0000  Image Size: 0x00060000
File Size:  370424      File Time:  2014-10-28_200710
Version:
   Company:    Microsoft Corporation
   Product:    Microsoft® Windows® Operating System
   FileDesc:   Audio Session
   FileVer:    6.3.9600.17415
   ProdVer:    6.3.9600.17415

Module 44
C:\Windows\SYSTEM32\MMDevAPI.DLL
Image Base: 0x71750000  Image Size: 0x00053000
File Size:  331048      File Time:  2014-10-28_200702
Version:
   Company:    Microsoft Corporation
   Product:    Microsoft® Windows® Operating System
   FileDesc:   MMDevice API
   FileVer:    6.3.9600.17415
   ProdVer:    6.3.9600.17415

Module 45
C:\Windows\system32\dwmapi.dll
Image Base: 0x717b0000  Image Size: 0x0001a000
File Size:  102728      File Time:  2014-10-28_201204
Version:
   Company:    Microsoft Corporation
   Product:    Microsoft® Windows® Operating System
   FileDesc:   Microsoft Desktop Window Manager API
   FileVer:    6.3.9600.17415
   ProdVer:    6.3.9600.17415

Module 46
C:\Windows\SYSTEM32\WINNSI.DLL
Image Base: 0x717d0000  Image Size: 0x00008000
File Size:  26304       File Time:  2014-10-28_200516
Version:
   Company:    Microsoft Corporation
   Product:    Microsoft® Windows® Operating System
   FileDesc:   Network Store Information RPC interface
   FileVer:    6.3.9600.17415
   ProdVer:    6.3.9600.17415

Module 47
C:\Windows\SYSTEM32\IPHLPAPI.DLL
Image Base: 0x71970000  Image Size: 0x00020000
File Size:  120864      File Time:  2014-10-28_200516
Version:
   Company:    Microsoft Corporation
   Product:    Microsoft® Windows® Operating System
   FileDesc:   IP Helper API
   FileVer:    6.3.9600.17415
   ProdVer:    6.3.9600.17415

Module 48
C:\Windows\SYSTEM32\MSWSOCK.dll
Image Base: 0x71d70000  Image Size: 0x0004b000
File Size:  286208      File Time:  2014-10-28_180618
Version:
   Company:    Microsoft Corporation
   Product:    Microsoft® Windows® Operating System
   FileDesc:   Microsoft Windows Sockets 2.0 Service Provider
   FileVer:    6.3.9600.17415
   ProdVer:    6.3.9600.17415

Module 49
C:\Windows\SYSTEM32\ntmarta.dll
Image Base: 0x73830000  Image Size: 0x00028000
File Size:  154392      File Time:  2014-10-28_201538
Version:
   Company:    Microsoft Corporation
   Product:    Microsoft® Windows® Operating System
   FileDesc:   Windows NT MARTA provider
   FileVer:    6.3.9600.17415
   ProdVer:    6.3.9600.17415

Module 50
C:\Windows\SYSTEM32\WINMMBASE.dll
Image Base: 0x73860000  Image Size: 0x00023000
File Size:  134280      File Time:  2014-10-28_200702
Version:
   Company:    Microsoft Corporation
   Product:    Microsoft® Windows® Operating System
   FileDesc:   Base Multimedia Extension API DLL
   FileVer:    6.3.9600.17415
   ProdVer:    6.3.9600.17415

Module 51
C:\Windows\SYSTEM32\VERSION.dll
Image Base: 0x73890000  Image Size: 0x00008000
File Size:  26304       File Time:  2014-10-28_201056
Version:
   Company:    Microsoft Corporation
   Product:    Microsoft® Windows® Operating System
   FileDesc:   Version Checking and File Installation Libraries
   FileVer:    6.3.9600.17415
   ProdVer:    6.3.9600.17415

Module 52
C:\Windows\SYSTEM32\WINMM.dll
Image Base: 0x73c20000  Image Size: 0x00023000
File Size:  136840      File Time:  2014-10-28_200702
Version:
   Company:    Microsoft Corporation
   Product:    Microsoft® Windows® Operating System
   FileDesc:   MCI API DLL
   FileVer:    6.3.9600.17415
   ProdVer:    6.3.9600.17415

Module 53
C:\Windows\SYSTEM32\DEVOBJ.dll
Image Base: 0x74720000  Image Size: 0x00021000
File Size:  127552      File Time:  2014-10-28_201842
Version:
   Company:    Microsoft Corporation
   Product:    Microsoft® Windows® Operating System
   FileDesc:   Device Information Set DLL
   FileVer:    6.3.9600.17415
   ProdVer:    6.3.9600.17415

Module 54
C:\Windows\SYSTEM32\msacm32.drv
Image Base: 0x747b0000  Image Size: 0x00009000
File Size:  23040       File Time:  2014-10-28_185432
Version:
   Company:    Microsoft Corporation
   Product:    Microsoft® Windows® Operating System
   FileDesc:   Microsoft Sound Mapper
   FileVer:    6.3.9600.17415
   ProdVer:    6.3.9600.17415

Module 55
C:\Windows\SYSTEM32\DCIMAN32.dll
Image Base: 0x74c60000  Image Size: 0x00007000
File Size:  11776       File Time:  2014-10-28_190002
Version:
   Company:    Microsoft Corporation
   Product:    Microsoft® Windows® Operating System
   FileDesc:   DCI Manager
   FileVer:    6.3.9600.17415
   ProdVer:    6.3.9600.17415

Module 56
C:\Windows\SYSTEM32\bcrypt.dll
Image Base: 0x74d70000  Image Size: 0x0001e000
File Size:  111104      File Time:  2014-10-28_180548
Version:
   Company:    Microsoft Corporation
   Product:    Microsoft® Windows® Operating System
   FileDesc:   Windows Cryptographic Primitives Library
   FileVer:    6.3.9600.17415
   ProdVer:    6.3.9600.17415

Module 57
C:\Windows\SYSTEM32\profapi.dll
Image Base: 0x74de0000  Image Size: 0x0000f000
File Size:  52152       File Time:  2014-10-28_200516
Version:
   Company:    Microsoft Corporation
   Product:    Microsoft® Windows® Operating System
   FileDesc:   User Profile Basic API
   FileVer:    6.3.9600.17415
   ProdVer:    6.3.9600.17415

Module 58
C:\Windows\SYSTEM32\kernel.appcore.dll
Image Base: 0x74f30000  Image Size: 0x00009000
File Size:  29920       File Time:  2014-10-28_201848
Version:
   Company:    Microsoft Corporation
   Product:    Microsoft® Windows® Operating System
   FileDesc:   AppModel API Host
   FileVer:    6.3.9600.17415
   ProdVer:    6.3.9600.17415

Module 59
C:\Windows\system32\uxtheme.dll
Image Base: 0x74f40000  Image Size: 0x000ed000
File Size:  949760      File Time:  2014-10-28_174830
Version:
   Company:    Microsoft Corporation
   Product:    Microsoft® Windows® Operating System
   FileDesc:   Microsoft UxTheme Library
   FileVer:    6.3.9600.17415
   ProdVer:    6.3.9600.17415

Module 60
C:\Windows\SYSTEM32\shcore.dll
Image Base: 0x75030000  Image Size: 0x0008b000
File Size:  560392      File Time:  2015-01-22_220234
Version:
   Company:    Microsoft Corporation
   Product:    Microsoft® Windows® Operating System
   FileDesc:   SHCORE
   FileVer:    6.3.9600.17666
   ProdVer:    6.3.9600.17666

Module 61
C:\Windows\SYSTEM32\AVRT.dll
Image Base: 0x750c0000  Image Size: 0x0000a000
File Size:  31496       File Time:  2014-10-28_201134
Version:
   Company:    Microsoft Corporation
   Product:    Microsoft® Windows® Operating System
   FileDesc:   Multimedia Realtime Runtime
   FileVer:    6.3.9600.17415
   ProdVer:    6.3.9600.17415

Module 62
C:\Windows\SYSTEM32\bcryptPrimitives.dll
Image Base: 0x750d0000  Image Size: 0x00054000
File Size:  340848      File Time:  2014-10-28_201538
Version:
   Company:    Microsoft Corporation
   Product:    Microsoft® Windows® Operating System
   FileDesc:   Windows Cryptographic Primitives Library
   FileVer:    6.3.9600.17415
   ProdVer:    6.3.9600.17415

Module 63
C:\Windows\SYSTEM32\CRYPTBASE.dll
Image Base: 0x75130000  Image Size: 0x0000a000
File Size:  30984       File Time:  2014-10-28_200516
Version:
   Company:    Microsoft Corporation
   Product:    Microsoft® Windows® Operating System
   FileDesc:   Base cryptographic API DLL
   FileVer:    6.3.9600.17415
   ProdVer:    6.3.9600.17415

Module 64
C:\Windows\SYSTEM32\SspiCli.dll
Image Base: 0x75140000  Image Size: 0x0001e000
File Size:  104960      File Time:  2014-10-28_180606
Version:
   Company:    Microsoft Corporation
   Product:    Microsoft® Windows® Operating System
   FileDesc:   Security Support Provider Interface
   FileVer:    6.3.9600.17415
   ProdVer:    6.3.9600.17415

Module 65
C:\Windows\SYSTEM32\PSAPI.DLL
Image Base: 0x75160000  Image Size: 0x00006000
File Size:  16504       File Time:  2014-10-28_201844
Version:
   Company:    Microsoft Corporation
   Product:    Microsoft® Windows® Operating System
   FileDesc:   Process Status Helper
   FileVer:    6.3.9600.17415
   ProdVer:    6.3.9600.17415

Module 66
C:\Windows\SYSTEM32\ADVAPI32.dll
Image Base: 0x75170000  Image Size: 0x0007c000
File Size:  507152      File Time:  2014-10-28_200614
Version:
   Company:    Microsoft Corporation
   Product:    Microsoft® Windows® Operating System
   FileDesc:   Advanced Windows 32 Base API
   FileVer:    6.3.9600.17415
   ProdVer:    6.3.9600.17415

Module 67
C:\Windows\SYSTEM32\RPCRT4.dll
Image Base: 0x751f0000  Image Size: 0x000ba000
File Size:  747008      File Time:  2014-10-28_180756
Version:
   Company:    Microsoft Corporation
   Product:    Microsoft® Windows® Operating System
   FileDesc:   Remote Procedure Call Runtime
   FileVer:    6.3.9600.17415
   ProdVer:    6.3.9600.17415

Module 68
C:\Windows\SYSTEM32\SETUPAPI.dll
Image Base: 0x752b0000  Image Size: 0x001b1000
File Size:  1782912     File Time:  2014-10-28_201848
Version:
   Company:    Microsoft Corporation
   Product:    Microsoft® Windows® Operating System
   FileDesc:   Windows Setup API
   FileVer:    6.3.9600.17415
   ProdVer:    6.3.9600.17415

Module 69
C:\Windows\SYSTEM32\KERNEL32.DLL
Image Base: 0x75470000  Image Size: 0x00140000
File Size:  1040384     File Time:  2014-10-28_185824
Version:
   Company:    Microsoft Corporation
   Product:    Microsoft® Windows® Operating System
   FileDesc:   Windows NT BASE API Client DLL
   FileVer:    6.3.9600.17415
   ProdVer:    6.3.9600.17415

Module 70
C:\Windows\SYSTEM32\MSCTF.dll
Image Base: 0x755b0000  Image Size: 0x00112000
File Size:  1124352     File Time:  2015-03-14_011352
Version:
   Company:    Microsoft Corporation
   Product:    Microsoft® Windows® Operating System
   FileDesc:   MSCTF Server DLL
   FileVer:    6.3.9600.17706
   ProdVer:    6.3.9600.17706

Module 71
C:\Windows\SYSTEM32\USER32.dll
Image Base: 0x75840000  Image Size: 0x00153000
File Size:  1376256     File Time:  2014-10-28_180436
Version:
   Company:    Microsoft Corporation
   Product:    Microsoft® Windows® Operating System
   FileDesc:   Multi-User Windows USER API Client DLL
   FileVer:    6.3.9600.17415
   ProdVer:    6.3.9600.17415

Module 72
C:\Windows\SYSTEM32\SHELL32.dll
Image Base: 0x759a0000  Image Size: 0x012ac000
File Size:  19731824    File Time:  2015-02-12_103408
Version:
   Company:    Microsoft Corporation
   Product:    Microsoft® Windows® Operating System
   FileDesc:   Windows Shell Common Dll
   FileVer:    6.3.9600.17680
   ProdVer:    6.3.9600.17680

Module 73
C:\Windows\SYSTEM32\WINTRUST.dll
Image Base: 0x76c50000  Image Size: 0x0003d000
File Size:  245296      File Time:  2014-10-28_201538
Version:
   Company:    Microsoft Corporation
   Product:    Microsoft® Windows® Operating System
   FileDesc:   Microsoft Trust Verification APIs
   FileVer:    6.3.9600.17415
   ProdVer:    6.3.9600.17415

Module 74
C:\Windows\SYSTEM32\GDI32.dll
Image Base: 0x76d90000  Image Size: 0x0010e000
File Size:  1096704     File Time:  2014-10-28_181020
Version:
   Company:    Microsoft Corporation
   Product:    Microsoft® Windows® Operating System
   FileDesc:   GDI Client DLL
   FileVer:    6.3.9600.17415
   ProdVer:    6.3.9600.17415

Module 75
C:\Windows\SYSTEM32\OLEAUT32.dll
Image Base: 0x76ea0000  Image Size: 0x00095000
File Size:  602776      File Time:  2014-12-19_012530
Version:
   Company:    Microsoft Corporation
   Product:    
   FileDesc:   
   FileVer:    6.3.9600.17560
   ProdVer:    6.3.9600.17560

Module 76
C:\Windows\SYSTEM32\WS2_32.dll
Image Base: 0x76f40000  Image Size: 0x00050000
File Size:  321248      File Time:  2014-10-28_200516
Version:
   Company:    Microsoft Corporation
   Product:    Microsoft® Windows® Operating System
   FileDesc:   Windows Socket 2.0 32-Bit DLL
   FileVer:    6.3.9600.17415
   ProdVer:    6.3.9600.17415

Module 77
C:\Windows\SYSTEM32\NSI.dll
Image Base: 0x76f90000  Image Size: 0x00007000
File Size:  20120       File Time:  2014-10-28_200516
Version:
   Company:    Microsoft Corporation
   Product:    Microsoft® Windows® Operating System
   FileDesc:   NSI User-mode interface DLL
   FileVer:    6.3.9600.17415
   ProdVer:    6.3.9600.17415

Module 78
C:\Windows\SYSTEM32\msvcrt.dll
Image Base: 0x76fa0000  Image Size: 0x000c3000
File Size:  800008      File Time:  2014-10-28_200630
Version:
   Company:    Microsoft Corporation
   Product:    Microsoft® Windows® Operating System
   FileDesc:   Windows NT CRT DLL
   FileVer:    7.0.9600.17415
   ProdVer:    6.1.8638.17415

Module 79
C:\Windows\SYSTEM32\combase.dll
Image Base: 0x770a0000  Image Size: 0x0017d000
File Size:  1564464     File Time:  2014-10-28_201002
Version:
   Company:    Microsoft Corporation
   Product:    Microsoft® Windows® Operating System
   FileDesc:   Microsoft COM for Windows
   FileVer:    6.3.9600.17415
   ProdVer:    6.3.9600.17415

Module 80
C:\Windows\SYSTEM32\cfgmgr32.dll
Image Base: 0x77220000  Image Size: 0x0003c000
File Size:  241168      File Time:  2014-10-28_201848
Version:
   Company:    Microsoft Corporation
   Product:    Microsoft® Windows® Operating System
   FileDesc:   Configuration Manager DLL
   FileVer:    6.3.9600.17415
   ProdVer:    6.3.9600.17415

Module 81
C:\Windows\SYSTEM32\SHLWAPI.dll
Image Base: 0x77260000  Image Size: 0x00045000
File Size:  278352      File Time:  2014-10-28_201056
Version:
   Company:    Microsoft Corporation
   Product:    Microsoft® Windows® Operating System
   FileDesc:   Shell Light-weight Utility Library
   FileVer:    6.3.9600.17415
   ProdVer:    6.3.9600.17415

Module 82
C:\Windows\SYSTEM32\ole32.dll
Image Base: 0x772b0000  Image Size: 0x00128000
File Size:  1209624     File Time:  2014-10-28_201002
Version:
   Company:    Microsoft Corporation
   Product:    Microsoft® Windows® Operating System
   FileDesc:   Microsoft OLE for Windows
   FileVer:    6.3.9600.17415
   ProdVer:    6.3.9600.17415

Module 83
C:\Windows\SYSTEM32\clbcatq.dll
Image Base: 0x773e0000  Image Size: 0x0008d000
File Size:  569128      File Time:  2014-10-28_201002
Version:
   Company:    Microsoft Corporation
   Product:    Microsoft® Windows® Operating System
   FileDesc:   COM+ Configuration Catalog
   FileVer:    2001.12.10530.17415
   ProdVer:    6.3.9600.17415

Module 84
C:\Windows\SYSTEM32\MSASN1.dll
Image Base: 0x77470000  Image Size: 0x0000e000
File Size:  51608       File Time:  2014-10-28_201534
Version:
   Company:    Microsoft Corporation
   Product:    Microsoft® Windows® Operating System
   FileDesc:   ASN.1 Runtime APIs
   FileVer:    6.3.9600.17415
   ProdVer:    6.3.9600.17415

Module 85
C:\Windows\SYSTEM32\CRYPT32.dll
Image Base: 0x77510000  Image Size: 0x00188000
File Size:  1612992     File Time:  2014-10-30_163858
Version:
   Company:    Microsoft Corporation
   Product:    Microsoft® Windows® Operating System
   FileDesc:   Crypto API32
   FileVer:    6.3.9600.17475
   ProdVer:    6.3.9600.17475

Module 86
C:\Windows\SYSTEM32\KERNELBASE.dll
Image Base: 0x776a0000  Image Size: 0x000d7000
File Size:  862720      File Time:  2014-10-28_190316
Version:
   Company:    Microsoft Corporation
   Product:    Microsoft® Windows® Operating System
   FileDesc:   Windows NT BASE API Client DLL
   FileVer:    6.3.9600.17415
   ProdVer:    6.3.9600.17415

Module 87
C:\Windows\SYSTEM32\sechost.dll
Image Base: 0x77780000  Image Size: 0x00041000
File Size:  257216      File Time:  2015-03-23_144506
Version:
   Company:    Microsoft Corporation
   Product:    Microsoft® Windows® Operating System
   FileDesc:   Host for SCM/SDDL/LSA Lookup APIs
   FileVer:    6.3.9600.17734
   ProdVer:    6.3.9600.17734

Module 88
C:\Windows\SYSTEM32\IMM32.dll
Image Base: 0x77830000  Image Size: 0x00027000
File Size:  141312      File Time:  2014-10-28_185950
Version:
   Company:    Microsoft Corporation
   Product:    Microsoft® Windows® Operating System
   FileDesc:   Multi-User Windows IMM32 API Client DLL
   FileVer:    6.3.9600.17415
   ProdVer:    6.3.9600.17415

Module 89
C:\Windows\SYSTEM32\ntdll.dll
Image Base: 0x77940000  Image Size: 0x0016e000
File Size:  1498872     File Time:  2015-03-23_145900
Version:
   Company:    Microsoft Corporation
   Product:    Microsoft® Windows® Operating System
   FileDesc:   NT Layer DLL
   FileVer:    6.3.9600.17736
   ProdVer:    6.3.9600.17736


== [end of error.log] ==
