Unity Player [version: Unity 4.6.4f1_99f88340878d]

mono.dll caused an Access Violation (0xc0000005)
  in module mono.dll at 0023:10054b1f.

Error occurred at 2015-04-23_160100.
C:\Users\Dom\Documents\GitHub\ConfGame\ConfidenceGame\test2.exe, run by Dom.
34% memory in use.
0 MB physical memory [0 MB free].
0 MB paging file [0 MB free].
0 MB user address space [3777 MB free].
Read from location 0000008e caused an access violation.

Context:
EDI:    0x00000088  ESI: 0x03adae10  EAX:   0x00000088
EBX:    0x00faedb4  ECX: 0x00000001  EDX:   0x00000028
EIP:    0x10054b1f  EBP: 0x00faed84  SegCs: 0x00000023
EFlags: 0x00010206  ESP: 0x00faed84  SegSs: 0x0000002b

Bytes at CS:EIP:
0f be 40 06 5d c3 55 8b ec 56 8b 75 08 80 7e 06 

Stack:
0x00faed84: 00faeda0 00435a30 00000088 03b5e5a0 ....0ZC.........
0x00faed94: 00000000 02a836d0 03b5e5a0 00faef18 .....6..........
0x00faeda4: 00436990 03b5e5a0 09bc6030 02e5002c .iC.....0`..,...
0x00faedb4: 00b275e2 004368f6 073faa34 074009a8 .u...hC.4.?...@.
0x00faedc4: 073f7ee8 00af858c 09bc5e88 00faee01 .~?......^......
0x00faedd4: 00000000 00000000 00000000 0d5f0101 .............._.
0x00faede4: 00000000 00000000 00000000 00000000 ................
0x00faedf4: 00000000 00000000 00000000 00000000 ................
0x00faee04: 00000000 00000000 00000000 00000000 ................
0x00faee14: 00000000 00000000 00000000 00000000 ................
0x00faee24: 00000000 00000000 00000000 00000000 ................
0x00faee34: 00000000 00000000 00000000 00000000 ................
0x00faee44: 00000000 00000000 00000000 00000000 ................
0x00faee54: 00000000 00000000 00000000 00000000 ................
0x00faee64: 00000000 00000000 00000000 00000000 ................
0x00faee74: 00000000 00000000 00000000 00000000 ................
0x00faee84: 00000000 00000000 0d5ff0c8 00faef01 .........._.....
0x00faee94: 10069f7a 00000200 09b34be0 00000064 z........K..d...
0x00faeea4: 00000000 00000000 0d5fb020 0200039f ........ ._.....
0x00faeeb4: 00000001 00000000 00000000 00000000 ................
0x00faeec4: 00faf0e0 00000000 00000000 00000000 ................
0x00faeed4: 00000000 00000000 00010100 02a836d0 .............6..
0x00faeee4: 0d5ff0c8 00faeefc 00faedb0 00000001 .._.............
0x00faeef4: 074009a8 00000002 00faef40 02ac9438 ..@.....@...8...
0x00faef04: 00000001 00faee01 00000400 0000004e ............N...
0x00faef14: 014009a8 00faef8c 00436eea 074009a8 ..@......nC...@.
0x00faef24: 09bc5e88 00faee01 00faf0e0 3e38d78f .^............8>
0x00faef34: 00001f40 00000000 00000001 00000001 @...............
0x00faef44: 0379e290 00000000 073faa34 073faa34 ..y.....4.?.4.?.
0x00faef54: 00faf6c8 00000000 0042f595 0000000d ..........B.....
0x00faef64: 073faa34 00faf6c8 00000000 00faf224 4.?.........$...
0x00faef74: 00faf6d0 09bc5e88 00faee01 00000013 .....^..........
0x00faef84: 00000002 00001f40 00faf234 004343b0 ....@...4....CC.
0x00faef94: 073f7ee8 07527458 00faf0e0 3e38d78f .~?.XtR.......8>
0x00faefa4: 00001f40 00000000 00000001 00000001 @...............
0x00faefb4: 0379e290 00000000 073faa34 02924010 ..y.....4.?..@..
0x00faefc4: 07522c00 00000000 779815b1 46647092 .,R........w.pdF
0x00faefd4: 00000080 00000078 02920000 00faf4bc ....x...........
0x00faefe4: 00543051 ffffff6b 029293a8 00faf6e0 Q0T.k...........
0x00faeff4: 00faf5a0 00faeffc ffffffff 00000000 ................
0x00faf004: 00000000 a50000a5 00000000 00000000 ................
0x00faf014: 00000000 00000000 00000000 00000000 ................
0x00faf024: 00000000 00000000 00000000 00000000 ................
0x00faf034: 00000000 00000000 00000000 00000000 ................
0x00faf044: 00000000 00000000 00000000 00000000 ................
0x00faf054: 00000000 00000000 00000000 3f800000 ...............?
0x00faf064: 00000000 02920000 00000000 00000010 ................
0x00faf074: 00000080 00faf4b0 00000080 044d3584 .............5M.
0x00faf084: 00faf52c 00faf510 00faf5a0 00000000 ,...............
0x00faf094: ffffffff 00000000 bf5db3d7 3f000000 ..........]....?
0x00faf0a4: 00000010 80010000 80000000 01800000 ................
0x00faf0b4: 411b3333 00000001 0757ffd8 0757ff00 33.A......W...W.
0x00faf0c4: 00000001 0757ff08 00000002 0757ff00 ......W.......W.
0x00faf0d4: 0757eb58 00000040 0000f100 000000b8 X.W.@...........
0x00faf0e4: 000000b8 00000033 00faf240 00000000 ....3...@.......
0x00faf0f4: 00000068 00000001 029202d4 08c407d0 h...............
0x00faf104: 00000020 00000000 07522650 07527288  .......P&R..rR.
0x00faf114: 779d74a0 08c40000 08c40000 07527268 .t.w........hrR.
0x00faf124: 00000006 07527284 0000003e 08c40894 .....rR.>.......
0x00faf134: 08c401c8 00000020 00000000 08c40890 .... ...........
0x00faf144: a60b3101 00faf1d0 779810e9 00000013 .1.........w....
0x00faf154: 00000000 00bc5e08 0757ff08 00000013 .....^....W.....
0x00faf164: 0062f93d 07527358 00000002 00000004 =.b.XsR.........
0x00faf174: 00000000 00000000 00000020 00000000 ........ .......
0x00faf184: 433aad88 43345278 073fbdf8 00000000 ..:CxR4C..?.....
0x00faf194: 03950d60 00faf200 4394a4f2 00000000 `..........C....
0x00faf1a4: c20e7d90 433aad88 00000000 00faf1d0 .}....:C........
0x00faf1b4: 0070f01b 02920000 00000000 00000078 ..p.........x...
0x00faf1c4: 02924790 0292477c 00000000 00faf1f0 .G..|G..........
0x00faf1d4: 0070f01b 02920000 029247bc 029247bc ..p......G...G..
0x00faf1e4: 0292477c 00000013 00faf220 00791515 |G...... .....y.
0x00faf1f4: 029247bc 0078ae96 00000001 0757ff08 .G....x.......W.
0x00faf204: 0078b86b 0757ff08 00faf240 00000000 k.x...W.@.......
0x00faf214: 00000001 00000001 00000008 00000000 ................
0x00faf224: 00000001 00000001 02a84fd4 0178c798 .........O....x.
0x00faf234: 00faf69c 0078c80e 00000000 00200400 ......x....... .
0x00faf244: 00000000 20800100 20000000 80000000 ....... ... ....
0x00faf254: 00000000 000000b3 0078c760 00000009 ........`.x.....
0x00faf264: 0757e148 00000000 7774654e 436b726f H.W.....NetworkC
0x00faf274: 526c6c61 69656365 00006576 00faf288 allReceive......
0x00faf284: 04249c5c 00faf2a8 0423dce6 03935e60 \.$.......#.`^..
0x00faf294: 00000000 09d36498 04249b47 00000000 .....d..G.$.....
0x00faf2a4: 03935e60 00faf2d8 04249a5b 09d25a08 `^......[.$..Z..
0x00faf2b4: 09d36498 43b78000 00000000 00faf2c8 .d.....C........
0x00faf2c4: 0422d46c 00000001 00000001 09d25288 l."..........R..
0x00faf2d4: 0396af50 00faf5b8 04249005 03950b60 P.........$.`...
0x00faf2e4: 00000000 00000000 43b78000 09d259d8 ...........C.Y..
0x00faf2f4: 00000000 00000018 43c00000 3f800000 ...........C...?
0x00faf304: 03950b60 00000000 00000000 00000000 `...............
0x00faf314: 00000000 00000000 4076f000 00000000 ..........v@....
0x00faf324: 00000000 3f74aaab 7f7fffff 00000000 ......t?........
0x00faf334: 3f74aaab 00000000 00000000 00000000 ..t?............
0x00faf344: 00000000 00000000 00000000 00000000 ................
0x00faf354: 00000000 00000000 00000000 00000000 ................
0x00faf364: 00000000 00000000 00000000 00000800 ................
0x00faf374: 00000000 00faf37d 00000001 00000000 ....}...........
0x00faf384: 00000000 00000000 00000000 00000000 ................
0x00faf394: 00000000 00000000 00000000 00000000 ................
0x00faf3a4: 00000000 00000000 00000000 00000000 ................
0x00faf3b4: 00000000 00000000 00000000 00000000 ................
0x00faf3c4: 00000000 00000000 00000000 00000000 ................
0x00faf3d4: 00000000 00000000 00000000 00000000 ................
0x00faf3e4: 43b78000 00000000 43b78000 00000000 ...C.......C....
0x00faf3f4: 00000000 00000000 00000000 00000000 ................
0x00faf404: 00000000 00000000 02a6bdc0 00000000 ................
0x00faf414: 044f1a94 044f195c 00faf564 007b31dc ..O.\.O.d....1{.
0x00faf424: 02a6a7b0 bf107863 00a0f5a8 00000000 ....cx..........
0x00faf434: 044f0aac fffffffb ffffffff 00c9f4f0 ..O.............
0x00faf444: 00000004 00000028 00faf468 00272e50 ....(...h...P.'.
0x00faf454: 00000028 00000004 00000000 00c9f4f0 (...............
0x00faf464: 00faf554 00faf490 00272efd 00000028 T.........'.(...
0x00faf474: 00000004 0000004e 00000000 00000096 ....N...........
0x00faf484: 00000800 00000000 00faf491 00000701 ................
0x00faf494: 85183400 3b7f19d3 0a32525a d00a4f02 .4.....;ZR2..O..
0x00faf4a4: 0000004e 00000000 00ad70cc 0000014e N........p..N...
0x00faf4b4: 00faf4e0 002aff07 00000000 00000028 ......*.....(...
0x00faf4c4: 00000004 0000004e 00000000 00ad70cc ....N........p..
0x00faf4d4: 0000014e 073fbdf8 00faf554 00faf50c N.....?.T.......
0x00faf4e4: 0393de10 09d3eaf0 09b3a118 03950d70 ............p...
0x00faf4f4: 09d39ee8 00faf518 1002ca47 09d39ee8 ........G.......
0x00faf504: 1002ca50 00faf528 00faf5c4 00faf528 P...(.......(...
0x00faf514: 004dded5 00faf51c c15a147b 412c7ae1 ..M.....{.Z..z,A
0x00faf524: 418170a4 00faf568 042533af 09d3eaf0 .p.Ah....3%.....
0x00faf534: 00faf548 003c7a67 00000001 004da4c6 H...gz<.......M.
0x00faf544: 09cc6948 00faf588 04253438 0000000d Hi......84%.....
0x00faf554: 0421e530 0393de10 09cc6948 00faf588 0.!.....Hi......
0x00faf564: 038d32e0 038d2a68 09cc6948 04253421 .2..h*..Hi..!4%.
0x00faf574: 0421e530 0393de10 09cc6948 00faf588 0.!.....Hi......
0x00faf584: 04253414 00faf5a8 042533f9 0000000d .4%......3%.....
0x00faf594: 000001b0 000001b0 000001b0 0757dc98 ..............W.
0x00faf5a4: 41817000 00faf6e8 04253149 0000000d .p.A....I1%.....
0x00faf5b4: 09d3eaf0 00faf6e8 04252f1c 0393cf00 ........./%.....
0x00faf5c4: 00000002 00faf5e8 0424a054 0396f810 ........T.$.....
0x00faf5d4: 00000000 00000000 00000000 00000000 ................
0x00faf5e4: 00000000 00000000 00000000 00000000 ................
0x00faf5f4: 00000000 00000000 00000000 00000000 ................
0x00faf604: c15a147b 412c7ae1 418170a4 00000000 {.Z..z,A.p.A....
0x00faf614: 00000000 00000000 00000000 00000000 ................
0x00faf624: 00000000 00000000 00000000 00000000 ................
0x00faf634: 00000000 00000000 00000000 00000000 ................
0x00faf644: 00000000 00000000 00000000 00faf658 ............X...
0x00faf654: 09d46ed8 00faf678 00278621 03950b60 .n..x...!.'.`...
0x00faf664: 0393dd70 03950b60 0421e530 102038b8 p...`...0.!..8 .
0x00faf674: 1021d5e0 09d2c380 00faf698 10109aea ..!.............
0x00faf684: 1021d5e0 09bb507c 09bb507c 042290d8 ..!.|P..|P....".
0x00faf694: 00000004 00faf6a8 1005dea9 00000009 ................
0x00faf6a4: 09cc6c88 ffffffff ffffffff 09bbffff .l..............
0x00faf6b4: 042290d8 ffffffff ffffffff 00faffff ..".............
0x00faf6c4: 038d32e0 00faf240 000000b3 3e38d78f .2..@.........8>
0x00faf6d4: 00001f40 02924010 09cc6c88 0379e290 @....@...l....y.
0x00faf6e4: 00000000 07527458 00faf36c 07522c00 ....XtR.l....,R.
0x00faf6f4: 42c80004 02924010 00faf240 00d39be8 ...B.@..@.......
0x00faf704: 00faf930 0043159a 01faf491 00000036 0.....C.....6...
0x00faf714: 3e38d78f 00001f40 00000009 02a84fd4 ..8>@........O..
0x00faf724: 00000000 00000000 10001ddd 03ad0468 ............h...
0x00faf734: 09c64f20 00faf740 00faf744 00faf770  O..@...D...p...
0x00faf744: 100f0542 09d39be8 00faf87c 02a84aac B.......|....J..
0x00faf754: 0423d550 00010000 02aad800 09c64f20 P.#......... O..
0x00faf764: 02924010 00788866 00faf790 00000002 .@..f.x.........
0x00faf774: f4069402 00faf78c 00000004 00000004 ................
0x00faf784: 02924010 0078888b 007888b2 00faf7e8 .@....x...x.....
0x00faf794: 02924ae4 00faf7b8 007827fd 0757dc99 .J.......'x...W.
0x00faf7a4: 00faf7d0 00000008 00faf7e8 0757e148 ............H.W.
0x00faf7b4: 00000000 00faf7d8 00432f1d 00faf7d0 ........./C.....
0x00faf7c4: 00000040 00000001 02924010 00000000 @........@......
0x00faf7d4: 90e27903 00faf90c 0078b47a 0078b485 .y......z.x...x.
0x00faf7e4: 02924010 00000040 00000040 00000040 .@..@...@...@...
0x00faf7f4: 0757dc99 02aad800 00000000 00373c30 ..W.........0<7.
0x00faf804: 0000000a 02aad8c8 00af858c 09c64f20 ............ O..
0x00faf814: 00000001 09d39be8 0000284e 09b81728 ........N(..(...
0x00faf824: 00000101 00000000 00000000 00000000 ................
0x00faf834: 00000000 00000000 00000000 00000000 ................
0x00faf844: 00000000 00000000 00000000 00000000 ................
0x00faf854: 00000000 00000000 00000000 00000000 ................
0x00faf864: 00000000 00000000 00000000 00000000 ................
0x00faf874: 00000000 00000000 00000000 00000000 ................
0x00faf884: 00000000 00000000 00000000 00000000 ................
0x00faf894: 00000000 00000000 00000000 00000000 ................
0x00faf8a4: 00000000 00000000 00000000 00000000 ................
0x00faf8b4: 00000000 00000000 00000000 00000000 ................
0x00faf8c4: 00000000 00000000 00000000 02aad8c8 ................
0x00faf8d4: 00000000 00faf8f4 00373e1c 02a84ad4 .........>7..J..
0x00faf8e4: 00373c30 02aad8c8 00000000 02a84ad4 0<7..........J..
0x00faf8f4: 00373c30 00faf960 0379e290 00000000 0<7.`.....y.....
0x00faf904: 0379e290 00000000 00faf934 0078c035 ..y.....4...5.x.
0x00faf914: 0757dc99 3e38d78f 00001f40 00000021 ..W...8>@...!...
0x00faf924: 02a84fd4 00000000 00faf964 00faf964 .O......d...d...
0x00faf934: 00431e00 00fafa0b 00000021 130a6c3d ..C.....!...=l..
0x00faf944: 00000001 130a6c3d 00000000 00faf964 ....=l......d...
0x00faf954: 00437530 00faf95c 130a6c40 00fafa0b 0uC.\...@l......
0x00faf964: 00fafa50 003ef32d 00000000 00000000 P...-.>.........
0x00faf974: 75859c00 00af858c 09b00d20 09b00c00 ...u.... .......
0x00faf984: 00000000 00000000 00000000 ffff0101 ................
0x00faf994: 00000000 00000000 00000001 00000000 ................
0x00faf9a4: 00000000 00000000 00000000 00000000 ................
0x00faf9b4: 00000000 00000000 00000000 00000000 ................
0x00faf9c4: 00000000 00000000 00000000 00000000 ................
0x00faf9d4: 00000000 00000000 00000000 00000000 ................
0x00faf9e4: 00000000 00faf998 00faf99c 00000000 ................
0x00faf9f4: 00000000 00000000 00000000 00000000 ................
0x00fafa04: 00000000 00000000 00000000 00000001 ................
0x00fafa14: 00000001 00000000 00000000 00000000 ................
0x00fafa24: 00000000 00000000 00000000 00000000 ................
0x00fafa34: 00000000 00000002 ff75a800 00000001 ..........u.....
0x00fafa44: 3f800000 0450ae20 0100fa5c 00fafa8c ...? .P.\.......
0x00fafa54: 0046bd1b 00000000 00000001 00000000 ..F.............
0x00fafa64: 00000010 00000001 0004079e 00000113 ................
0x00fafa74: 00000001 00000000 0379d86a 00000197 ........j.y.....
0x00fafa84: 0000023a 000005a0 00fafba4 0046d805 :.............F.
0x00fafa94: 00715663 00000000 ff75d000 02a4badc cVq.......u.....
0x00fafaa4: 02922738 00bfde60 7fffffff 00000035 8'..`.......5...
0x00fafab4: 0000003f 02922738 02a4c200 0000000f ?...8'..........
0x00fafac4: 0000000f 7fffffff 00000000 0000000f ................
0x00fafad4: 02921a80 6f6e6f00 6374652f 00fafb00 .....ono/etc....
0x00fafae4: 0072a929 00000000 0000000f 0000000f ).r.............
0x00fafaf4: 02a4bdb8 02a4bdf0 02a4bdf0 00c7c1b8 ................
0x00fafb04: 02a4bb28 029205a8 00fafb00 00fafb40 (...........@...
0x00fafb14: 00000040 0000004f 00bfde60 0293a930 @...O...`...0...
0x00fafb24: 02a4bbe0 00000004 00fafa64 7797c60c ........d......w
0x00fafb34: 0000004f 0000004f 49656e69 02a4c300 O...O...ineI....
0x00fafb44: 00000000 00000000 00ad6eb4 00000000 .........n......
0x00fafb54: 0000000f 00fafb88 00000000 616e614d ............Mana
0x00fafb64: 00646567 00718adb 00000000 00000007 ged...q.........
0x00fafb74: 0000000f 00718ae8 0293a930 6f6e6f4d ......q.0...Mono
0x00fafb84: 6e6f6d2f 6c642e6f 0000006c 0000000d /mono.dll.......
0x00fafb94: 0000000f 02921a80 00000000 00000000 ................
0x00fafba4: 00fafbbc 006e0728 00270000 00000000 ....(.n...'.....
0x00fafbb4: 01213fd2 00000001 00fafc4c 00715610 .?!.....L....Vq.
0x00fafbc4: 00270000 00000000 01213fd2 00000001 ..'......?!.....
0x00fafbd4: f438d3f7 00715663 00715663 ff75d000 ..8.cVq.cVq...u.
0x00fafbe4: 00000044 01212166 01212146 012120c6 D...f!!.F!!.. !.
0x00fafbf4: 00000000 00000000 00000000 00000000 ................
0x00fafc04: 00000000 00000000 00000000 00000001 ................
0x00fafc14: 00000001 00000000 00fafc48 00fafc48 ........H...H...
0x00fafc24: 00726954 c0000005 00715663 00000000 Tir.....cVq.....
0x00fafc34: 00fafbd4 00fae7b4 00fafc98 007173f0 .............sq.
0x00fafc44: f404a40b 00000000 00fafc60 75487c04 ........`....|Hu
0x00fafc54: ff75d000 75487be0 449775f2 00fafca8 ..u..{Hu.u.D....
0x00fafc64: 7799ad1f ff75d000 46647d1a 00000000 ...w..u..}dF....
0x00fafc74: 00000000 ff75d000 c0000005 7775f510 ......u.......uw
0x00fafc84: 00000000 00fae794 46647d1a 00fafc6c .........}dFl...
0x00fafc94: 00fae794 00fafcb0 779d74a0 31072c82 .........t.w.,.1
0x00fafca4: 00000000 00fafcb8 7799acea ffffffff ...........w....
0x00fafcb4: 77980235 00000000 00000000 00715663 5..w........cVq.
0x00fafcc4: ff75d000 00000000 00000000 00000000 ..u.............
0x00fafcd4: 00000000 00000000 00000000 00000000 ................
0x00fafce4: 00000000 00000000 00000000 00000000 ................
0x00fafcf4: 00000000 00000000 00000000 00000000 ................
0x00fafd04: 00000000 00000000 00000000 00000000 ................
0x00fafd14: 00000000 00000000 00000000 00000000 ................
0x00fafd24: 00000000 00000000 00000000 00000000 ................
0x00fafd34: 00000000 00000000 00000000 00000000 ................
0x00fafd44: 00000000 00000000 00000000 00000000 ................
0x00fafd54: 00000000 00000000 00000000 00000000 ................
0x00fafd64: 00000000 00000000 00000000 00000000 ................
0x00fafd74: 00000000 00000000 00000000 00000000 ................
0x00fafd84: 00000000 00000000 00000000 00000000 ................
0x00fafd94: 00000000 00000000 00000000 00000000 ................
0x00fafda4: 00000000 00000000 00000000 00000000 ................
0x00fafdb4: 00000000 00000000 00000000 00000000 ................
0x00fafdc4: 00000000 00000000 00000000 00000000 ................
0x00fafdd4: 00000000 00000000 00000000 00000000 ................
0x00fafde4: 00000000 00000000 00000000 00000000 ................
0x00fafdf4: 00000000 00000000 00000000 00000000 ................
0x00fafe04: 00000000 00000000 00000000 00000000 ................
0x00fafe14: 00000000 00000000 00000000 00000000 ................
0x00fafe24: 00000000 00000000 00000000 00000000 ................
0x00fafe34: 00000000 00000000 00000000 00000000 ................
0x00fafe44: 00000000 00000000 00000000 00000000 ................
0x00fafe54: 00000000 00000000 00000000 00000000 ................
0x00fafe64: 00000000 00000000 00000000 00000000 ................
0x00fafe74: 00000000 00000000 00000000 00000000 ................
0x00fafe84: 00000000 00000000 00000000 00000000 ................
0x00fafe94: 00000000 00000000 00000000 00000000 ................
0x00fafea4: 00000000 00000000 00000000 00000000 ................
0x00fafeb4: 00000000 00000000 00000000 00000000 ................
0x00fafec4: 00000000 00000000 00000000 00000000 ................
0x00fafed4: 00000000 00000000 00000000 00000000 ................
0x00fafee4: 00000000 00000000 00000000 00000000 ................
0x00fafef4: 00000000 00000000 00000000 00000000 ................
0x00faff04: 00000000 00000000 00000000 00000000 ................
0x00faff14: 00000000 00000000 00000000 00000000 ................
0x00faff24: 00000000 00000000 00000000 00000000 ................
0x00faff34: 00000000 00000000 00000000 00000000 ................
0x00faff44: 00000000 00000000 00000000 00000000 ................
0x00faff54: 00000000 00000000 00000000 00000000 ................
0x00faff64: 00000000 00000000 00000000 00000000 ................
0x00faff74: 00000000 00000000 00000000 00000000 ................
0x00faff84: 00000000 00000000 00000000 00000000 ................
0x00faff94: 00000000 00000000 00000000 00000000 ................
0x00faffa4: 00000000 00000000 00000000 00000000 ................
0x00faffb4: 00000000 00000000 00000000 00000000 ................
0x00faffc4: 00000000 00000000 00000000 00000000 ................
0x00faffd4: 00000000 00000000 00000000 00000000 ................
0x00faffe4: 00000000 00000000 00000000 00000000 ................
0x00fafff4: 00000000 00000000 00000000          ............

Module 1
C:\Users\Dom\Documents\GitHub\ConfGame\ConfidenceGame\test2.exe
Image Base: 0x00270000  Image Size: 0x00bb9000
File Size:  11628032    File Time:  2015-03-24_050318
Version:
   Company:    
   Product:    
   FileDesc:   
   FileVer:    4.6.4.63619
   ProdVer:    4.6.4.63619

Module 2
C:\Windows\system32\nvspcap.dll
Image Base: 0x10000000  Image Size: 0x00114000
File Size:  1126480     File Time:  2014-08-08_172218
Version:
   Company:    NVIDIA Corporation
   Product:    NVIDIA GeForce Experience
   FileDesc:   NVIDIA Capture Server Proxy
   FileVer:    15.3.36.0
   ProdVer:    15.3.36.0

Module 3
C:\Windows\SYSTEM32\xinput1_3.dll
Image Base: 0x00400000  Image Size: 0x00016000
File Size:  81768       File Time:  2007-04-04_195342
Version:
   Company:    Microsoft Corporation
   Product:    Microsoft® DirectX for Windows®
   FileDesc:   Microsoft Common Controller API
   FileVer:    9.18.944.0
   ProdVer:    9.18.944.0

Module 4
C:\Users\Dom\Documents\GitHub\ConfGame\ConfidenceGame\test2_Data\Mono\mono.dll
Image Base: 0x10000000  Image Size: 0x0022f000
File Size:  2102784     File Time:  2015-03-24_043656
Version:
   Company:    
   Product:    
   FileDesc:   
   FileVer:    0.0.0.0
   ProdVer:    0.0.0.0

Module 5
C:\Windows\SYSTEM32\IME\shared\imetip.dll
Image Base: 0x575e0000  Image Size: 0x000d5000
File Size:  859648      File Time:  2014-10-28_182916
Version:
   Company:    Microsoft Corporation
   Product:    Microsoft IME 2012
   FileDesc:   Microsoft IME 2012
   FileVer:    15.0.9600.17415
   ProdVer:    15.0.9600.17415

Module 6
C:\Windows\SYSTEM32\IME\IMEJP\imjppred.dll
Image Base: 0x576c0000  Image Size: 0x000a4000
File Size:  662016      File Time:  2014-10-28_182314
Version:
   Company:    Microsoft Corporation
   Product:    Microsoft IME 2012
   FileDesc:   Microsoft IME 2012
   FileVer:    15.0.9600.17415
   ProdVer:    15.0.9600.17415

Module 7
C:\Windows\SYSTEM32\IME\IMEJP\imjpapi.dll
Image Base: 0x57770000  Image Size: 0x0018b000
File Size:  1598976     File Time:  2014-10-28_182256
Version:
   Company:    Microsoft Corporation
   Product:    Microsoft IME 2012
   FileDesc:   Microsoft IME 2012
   FileVer:    15.0.9600.17415
   ProdVer:    15.0.9600.17415

Module 8
C:\Windows\SYSTEM32\IME\IMEJP\imjptip.dll
Image Base: 0x57900000  Image Size: 0x00210000
File Size:  2144768     File Time:  2014-10-28_182526
Version:
   Company:    Microsoft Corporation
   Product:    Microsoft IME 2012
   FileDesc:   Microsoft IME 2012
   FileVer:    15.0.9600.17415
   ProdVer:    15.0.9600.17415

Module 9
C:\Windows\SYSTEM32\nvwgf2um.dll
Image Base: 0x60c20000  Image Size: 0x00f56000
File Size:  16122344    File Time:  2014-07-02_134832
Version:
   Company:    NVIDIA Corporation
   Product:    NVIDIA D3D10 drivers
   FileDesc:   NVIDIA D3D10 Driver, Version 340.52 
   FileVer:    9.18.13.4052
   ProdVer:    9.18.13.4052

Module 10
C:\Windows\SYSTEM32\IME\SHARED\imesearchdll.dll
Image Base: 0x65e50000  Image Size: 0x0001b000
File Size:  95744       File Time:  2014-10-28_183834
Version:
   Company:    Microsoft Corporation
   Product:    Microsoft IME 2012
   FileDesc:   IME search module
   FileVer:    15.0.9600.17415
   ProdVer:    15.0.9600.17415

Module 11
C:\Windows\SYSTEM32\wer.dll
Image Base: 0x66010000  Image Size: 0x0006e000
File Size:  448792      File Time:  2014-12-08_124232
Version:
   Company:    Microsoft Corporation
   Product:    Microsoft® Windows® Operating System
   FileDesc:   Windows Error Reporting DLL
   FileVer:    6.3.9600.17550
   ProdVer:    6.3.9600.17550

Module 12
C:\Windows\SYSTEM32\IME\shared\imecfm.dll
Image Base: 0x66080000  Image Size: 0x00018000
File Size:  89088       File Time:  2014-10-28_182424
Version:
   Company:    Microsoft Corporation
   Product:    Microsoft IME 2012
   FileDesc:   Microsoft IME 2012
   FileVer:    15.0.9600.17415
   ProdVer:    15.0.9600.17415

Module 13
C:\Windows\SYSTEM32\IME\shared\imjkapi.dll
Image Base: 0x661f0000  Image Size: 0x00030000
File Size:  181248      File Time:  2014-10-28_183624
Version:
   Company:    Microsoft Corporation
   Product:    Microsoft IME 2012
   FileDesc:   Microsoft IME 2012
   FileVer:    15.0.9600.17415
   ProdVer:    15.0.9600.17415

Module 14
C:\Windows\SYSTEM32\DUI70.dll
Image Base: 0x662f0000  Image Size: 0x00169000
File Size:  1461248     File Time:  2014-10-28_175232
Version:
   Company:    Microsoft Corporation
   Product:    Microsoft® Windows® Operating System
   FileDesc:   Windows DirectUI Engine
   FileVer:    6.3.9600.17415
   ProdVer:    6.3.9600.17415

Module 15
C:\Windows\SYSTEM32\ksuser.dll
Image Base: 0x67470000  Image Size: 0x00007000
File Size:  19096       File Time:  2014-10-28_200702
Version:
   Company:    Microsoft Corporation
   Product:    Microsoft® Windows® Operating System
   FileDesc:   User CSA Library
   FileVer:    6.3.9600.17415
   ProdVer:    6.3.9600.17415

Module 16
C:\Windows\system32\nvapi.dll
Image Base: 0x677b0000  Image Size: 0x002d2000
File Size:  2814656     File Time:  2014-07-02_134832
Version:
   Company:    NVIDIA Corporation
   Product:    NVIDIA Windows drivers
   FileDesc:   NVIDIA NVAPI Library, Version 340.52 
   FileVer:    9.18.13.4052
   ProdVer:    9.18.13.4052

Module 17
C:\Windows\SYSTEM32\d3d11.dll
Image Base: 0x6b7c0000  Image Size: 0x001d9000
File Size:  1946144     File Time:  2014-10-28_201204
Version:
   Company:    Microsoft Corporation
   Product:    Microsoft® Windows® Operating System
   FileDesc:   Direct3D 11 Runtime
   FileVer:    6.3.9600.17415
   ProdVer:    6.3.9600.17415

Module 18
C:\Windows\SYSTEM32\dsound.dll
Image Base: 0x6bab0000  Image Size: 0x00081000
File Size:  517120      File Time:  2014-10-28_184754
Version:
   Company:    Microsoft Corporation
   Product:    Microsoft® Windows® Operating System
   FileDesc:   DirectSound
   FileVer:    6.3.9600.17415
   ProdVer:    6.3.9600.17415

Module 19
C:\Windows\SYSTEM32\dxgi.dll
Image Base: 0x6bce0000  Image Size: 0x00069000
File Size:  430176      File Time:  2014-10-28_201204
Version:
   Company:    Microsoft Corporation
   Product:    Microsoft® Windows® Operating System
   FileDesc:   DirectX Graphics Infrastructure
   FileVer:    6.3.9600.17415
   ProdVer:    6.3.9600.17415

Module 20
C:\Windows\SYSTEM32\DDRAW.dll
Image Base: 0x6e100000  Image Size: 0x000ec000
File Size:  544256      File Time:  2014-10-28_175248
Version:
   Company:    Microsoft Corporation
   Product:    Microsoft® Windows® Operating System
   FileDesc:   Microsoft DirectDraw
   FileVer:    6.3.9600.17415
   ProdVer:    6.3.9600.17415

Module 21
C:\Windows\SYSTEM32\dbghelp.dll
Image Base: 0x6e6d0000  Image Size: 0x00141000
File Size:  1207296     File Time:  2014-10-28_175954
Version:
   Company:    Microsoft Corporation
   Product:    Microsoft® Windows® Operating System
   FileDesc:   Windows Image Helper
   FileVer:    6.3.9600.17415
   ProdVer:    6.3.9600.17415

Module 22
C:\Windows\SYSTEM32\OPENGL32.dll
Image Base: 0x6e820000  Image Size: 0x000de000
File Size:  777728      File Time:  2014-10-28_185752
Version:
   Company:    Microsoft Corporation
   Product:    Microsoft® Windows® Operating System
   FileDesc:   OpenGL Client DLL
   FileVer:    6.3.9600.17415
   ProdVer:    6.3.9600.17415

Module 23
C:\Windows\SYSTEM32\HID.DLL
Image Base: 0x6f540000  Image Size: 0x0000a000
File Size:  26624       File Time:  2014-10-28_180540
Version:
   Company:    Microsoft Corporation
   Product:    Microsoft® Windows® Operating System
   FileDesc:   Hid User Library
   FileVer:    6.3.9600.17415
   ProdVer:    6.3.9600.17415

Module 24
C:\Windows\SYSTEM32\wdmaud.drv
Image Base: 0x6f9c0000  Image Size: 0x00036000
File Size:  197120      File Time:  2014-10-28_175318
Version:
   Company:    Microsoft Corporation
   Product:    Microsoft® Windows® Operating System
   FileDesc:   Winmm  audio system driver
   FileVer:    6.3.9600.17415
   ProdVer:    6.3.9600.17415

Module 25
C:\Windows\SYSTEM32\PROPSYS.dll
Image Base: 0x6fe20000  Image Size: 0x0013a000
File Size:  1287112     File Time:  2014-10-28_201056
Version:
   Company:    Microsoft Corporation
   Product:    Windows® Search
   FileDesc:   Microsoft Property System
   FileVer:    7.0.9600.17415
   ProdVer:    7.0.9600.17415

Module 26
C:\Windows\System32\rasadhlp.dll
Image Base: 0x70260000  Image Size: 0x00008000
File Size:  12288       File Time:  2014-10-28_180534
Version:
   Company:    Microsoft Corporation
   Product:    Microsoft® Windows® Operating System
   FileDesc:   Remote Access AutoDial Helper
   FileVer:    6.3.9600.17415
   ProdVer:    6.3.9600.17415

Module 27
C:\Windows\System32\fwpuclnt.dll
Image Base: 0x70270000  Image Size: 0x00046000
File Size:  272384      File Time:  2014-10-28_175632
Version:
   Company:    Microsoft Corporation
   Product:    Microsoft® Windows® Operating System
   FileDesc:   FWP/IPsec User-Mode API
   FileVer:    6.3.9600.17415
   ProdVer:    6.3.9600.17415

Module 28
C:\Windows\system32\wshbth.dll
Image Base: 0x702c0000  Image Size: 0x00010000
File Size:  50688       File Time:  2014-10-28_180034
Version:
   Company:    Microsoft Corporation
   Product:    Microsoft® Windows® Operating System
   FileDesc:   Windows Sockets Helper DLL
   FileVer:    6.3.9600.17415
   ProdVer:    6.3.9600.17415

Module 29
C:\Program Files (x86)\Bonjour\mdnsNSP.dll
Image Base: 0x702d0000  Image Size: 0x00021000
File Size:  121704      File Time:  2011-08-30_230502
Version:
   Company:    Apple Inc.
   Product:    Bonjour
   FileDesc:   Bonjour Namespace Provider
   FileVer:    3.0.0.10
   ProdVer:    3.0.0.10

Module 30
C:\Windows\System32\winrnr.dll
Image Base: 0x70300000  Image Size: 0x0000a000
File Size:  23040       File Time:  2014-10-28_185950
Version:
   Company:    Microsoft Corporation
   Product:    Microsoft® Windows® Operating System
   FileDesc:   LDAP RnR Provider DLL
   FileVer:    6.3.9600.17415
   ProdVer:    6.3.9600.17415

Module 31
C:\Windows\SYSTEM32\DNSAPI.dll
Image Base: 0x70310000  Image Size: 0x0007e000
File Size:  498688      File Time:  2014-10-28_180628
Version:
   Company:    Microsoft Corporation
   Product:    Microsoft® Windows® Operating System
   FileDesc:   DNS Client API DLL
   FileVer:    6.3.9600.17415
   ProdVer:    6.3.9600.17415

Module 32
C:\Windows\system32\NLAapi.dll
Image Base: 0x70390000  Image Size: 0x00014000
File Size:  65536       File Time:  2014-10-28_180158
Version:
   Company:    Microsoft Corporation
   Product:    Microsoft® Windows® Operating System
   FileDesc:   Network Location Awareness 2
   FileVer:    6.3.9600.17415
   ProdVer:    6.3.9600.17415

Module 33
C:\Windows\system32\pnrpnsp.dll
Image Base: 0x703b0000  Image Size: 0x00016000
File Size:  70144       File Time:  2014-10-28_180424
Version:
   Company:    Microsoft Corporation
   Product:    Microsoft® Windows® Operating System
   FileDesc:   PNRP Name Space Provider
   FileVer:    6.3.9600.17415
   ProdVer:    6.3.9600.17415

Module 34
C:\Windows\system32\napinsp.dll
Image Base: 0x703d0000  Image Size: 0x00011000
File Size:  55296       File Time:  2014-10-28_185812
Version:
   Company:    Microsoft Corporation
   Product:    Microsoft® Windows® Operating System
   FileDesc:   E-mail Naming Shim Provider
   FileVer:    6.3.9600.17415
   ProdVer:    6.3.9600.17415

Module 35
C:\Windows\SYSTEM32\WINHTTP.dll
Image Base: 0x70570000  Image Size: 0x0009f000
File Size:  631808      File Time:  2014-10-28_175622
Version:
   Company:    Microsoft Corporation
   Product:    Microsoft® Windows® Operating System
   FileDesc:   Windows HTTP Services
   FileVer:    6.3.9600.17415
   ProdVer:    6.3.9600.17415

Module 36
C:\Windows\system32\apphelp.dll
Image Base: 0x706c0000  Image Size: 0x000a0000
File Size:  642560      File Time:  2014-10-28_190014
Version:
   Company:    Microsoft Corporation
   Product:    Microsoft® Windows® Operating System
   FileDesc:   Application Compatibility Client Library
   FileVer:    6.3.9600.17415
   ProdVer:    6.3.9600.17415

Module 37
C:\Windows\SYSTEM32\OLEACC.dll
Image Base: 0x70760000  Image Size: 0x00050000
File Size:  306688      File Time:  2014-10-28_175806
Version:
   Company:    Microsoft Corporation
   Product:    Microsoft® Windows® Operating System
   FileDesc:   Active Accessibility Core Component
   FileVer:    7.2.9600.17415
   ProdVer:    6.3.9600.17415

Module 38
C:\Windows\SYSTEM32\GLU32.dll
Image Base: 0x70870000  Image Size: 0x00025000
File Size:  140288      File Time:  2014-10-28_185952
Version:
   Company:    Microsoft Corporation
   Product:    Microsoft® Windows® Operating System
   FileDesc:   OpenGL Utility Library DLL
   FileVer:    6.3.9600.17415
   ProdVer:    6.3.9600.17415

Module 39
C:\Windows\WinSxS\x86_microsoft.windows.common-controls_6595b64144ccf1df_6.0.9600.17415_none_a9ed7f470139b3c1\comctl32.dll
Image Base: 0x70c80000  Image Size: 0x00206000
File Size:  2105856     File Time:  2014-10-28_190302
Version:
   Company:    Microsoft Corporation
   Product:    Microsoft® Windows® Operating System
   FileDesc:   User Experience Controls Library
   FileVer:    6.10.9600.17415
   ProdVer:    6.3.9600.17415

Module 40
C:\Windows\SYSTEM32\MSACM32.dll
Image Base: 0x70f10000  Image Size: 0x00017000
File Size:  89816       File Time:  2014-10-28_200702
Version:
   Company:    Microsoft Corporation
   Product:    Microsoft® Windows® Operating System
   FileDesc:   Microsoft ACM Audio Filter
   FileVer:    6.3.9600.17415
   ProdVer:    6.3.9600.17415

Module 41
C:\Windows\SYSTEM32\midimap.dll
Image Base: 0x710b0000  Image Size: 0x00008000
File Size:  18944       File Time:  2014-10-28_185824
Version:
   Company:    Microsoft Corporation
   Product:    Microsoft® Windows® Operating System
   FileDesc:   Microsoft MIDI Mapper
   FileVer:    6.3.9600.17415
   ProdVer:    6.3.9600.17415

Module 42
C:\Windows\SYSTEM32\powrprof.dll
Image Base: 0x716b0000  Image Size: 0x00040000
File Size:  255136      File Time:  2014-10-28_201846
Version:
   Company:    Microsoft Corporation
   Product:    Microsoft® Windows® Operating System
   FileDesc:   Power Profile Helper DLL
   FileVer:    6.3.9600.17415
   ProdVer:    6.3.9600.17415

Module 43
C:\Windows\SYSTEM32\AUDIOSES.DLL
Image Base: 0x716f0000  Image Size: 0x00060000
File Size:  370424      File Time:  2014-10-28_200710
Version:
   Company:    Microsoft Corporation
   Product:    Microsoft® Windows® Operating System
   FileDesc:   Audio Session
   FileVer:    6.3.9600.17415
   ProdVer:    6.3.9600.17415

Module 44
C:\Windows\SYSTEM32\MMDevAPI.DLL
Image Base: 0x71750000  Image Size: 0x00053000
File Size:  331048      File Time:  2014-10-28_200702
Version:
   Company:    Microsoft Corporation
   Product:    Microsoft® Windows® Operating System
   FileDesc:   MMDevice API
   FileVer:    6.3.9600.17415
   ProdVer:    6.3.9600.17415

Module 45
C:\Windows\system32\dwmapi.dll
Image Base: 0x717b0000  Image Size: 0x0001a000
File Size:  102728      File Time:  2014-10-28_201204
Version:
   Company:    Microsoft Corporation
   Product:    Microsoft® Windows® Operating System
   FileDesc:   Microsoft Desktop Window Manager API
   FileVer:    6.3.9600.17415
   ProdVer:    6.3.9600.17415

Module 46
C:\Windows\SYSTEM32\WINNSI.DLL
Image Base: 0x717d0000  Image Size: 0x00008000
File Size:  26304       File Time:  2014-10-28_200516
Version:
   Company:    Microsoft Corporation
   Product:    Microsoft® Windows® Operating System
   FileDesc:   Network Store Information RPC interface
   FileVer:    6.3.9600.17415
   ProdVer:    6.3.9600.17415

Module 47
C:\Windows\SYSTEM32\IPHLPAPI.DLL
Image Base: 0x71970000  Image Size: 0x00020000
File Size:  120864      File Time:  2014-10-28_200516
Version:
   Company:    Microsoft Corporation
   Product:    Microsoft® Windows® Operating System
   FileDesc:   IP Helper API
   FileVer:    6.3.9600.17415
   ProdVer:    6.3.9600.17415

Module 48
C:\Windows\SYSTEM32\MSWSOCK.dll
Image Base: 0x71d70000  Image Size: 0x0004b000
File Size:  286208      File Time:  2014-10-28_180618
Version:
   Company:    Microsoft Corporation
   Product:    Microsoft® Windows® Operating System
   FileDesc:   Microsoft Windows Sockets 2.0 Service Provider
   FileVer:    6.3.9600.17415
   ProdVer:    6.3.9600.17415

Module 49
C:\Windows\SYSTEM32\ntmarta.dll
Image Base: 0x73830000  Image Size: 0x00028000
File Size:  154392      File Time:  2014-10-28_201538
Version:
   Company:    Microsoft Corporation
   Product:    Microsoft® Windows® Operating System
   FileDesc:   Windows NT MARTA provider
   FileVer:    6.3.9600.17415
   ProdVer:    6.3.9600.17415

Module 50
C:\Windows\SYSTEM32\WINMMBASE.dll
Image Base: 0x73860000  Image Size: 0x00023000
File Size:  134280      File Time:  2014-10-28_200702
Version:
   Company:    Microsoft Corporation
   Product:    Microsoft® Windows® Operating System
   FileDesc:   Base Multimedia Extension API DLL
   FileVer:    6.3.9600.17415
   ProdVer:    6.3.9600.17415

Module 51
C:\Windows\SYSTEM32\VERSION.dll
Image Base: 0x73890000  Image Size: 0x00008000
File Size:  26304       File Time:  2014-10-28_201056
Version:
   Company:    Microsoft Corporation
   Product:    Microsoft® Windows® Operating System
   FileDesc:   Version Checking and File Installation Libraries
   FileVer:    6.3.9600.17415
   ProdVer:    6.3.9600.17415

Module 52
C:\Windows\SYSTEM32\WINMM.dll
Image Base: 0x73c20000  Image Size: 0x00023000
File Size:  136840      File Time:  2014-10-28_200702
Version:
   Company:    Microsoft Corporation
   Product:    Microsoft® Windows® Operating System
   FileDesc:   MCI API DLL
   FileVer:    6.3.9600.17415
   ProdVer:    6.3.9600.17415

Module 53
C:\Windows\SYSTEM32\DEVOBJ.dll
Image Base: 0x74720000  Image Size: 0x00021000
File Size:  127552      File Time:  2014-10-28_201842
Version:
   Company:    Microsoft Corporation
   Product:    Microsoft® Windows® Operating System
   FileDesc:   Device Information Set DLL
   FileVer:    6.3.9600.17415
   ProdVer:    6.3.9600.17415

Module 54
C:\Windows\SYSTEM32\msacm32.drv
Image Base: 0x747b0000  Image Size: 0x00009000
File Size:  23040       File Time:  2014-10-28_185432
Version:
   Company:    Microsoft Corporation
   Product:    Microsoft® Windows® Operating System
   FileDesc:   Microsoft Sound Mapper
   FileVer:    6.3.9600.17415
   ProdVer:    6.3.9600.17415

Module 55
C:\Windows\SYSTEM32\DCIMAN32.dll
Image Base: 0x74c60000  Image Size: 0x00007000
File Size:  11776       File Time:  2014-10-28_190002
Version:
   Company:    Microsoft Corporation
   Product:    Microsoft® Windows® Operating System
   FileDesc:   DCI Manager
   FileVer:    6.3.9600.17415
   ProdVer:    6.3.9600.17415

Module 56
C:\Windows\SYSTEM32\bcrypt.dll
Image Base: 0x74d70000  Image Size: 0x0001e000
File Size:  111104      File Time:  2014-10-28_180548
Version:
   Company:    Microsoft Corporation
   Product:    Microsoft® Windows® Operating System
   FileDesc:   Windows Cryptographic Primitives Library
   FileVer:    6.3.9600.17415
   ProdVer:    6.3.9600.17415

Module 57
C:\Windows\SYSTEM32\profapi.dll
Image Base: 0x74de0000  Image Size: 0x0000f000
File Size:  52152       File Time:  2014-10-28_200516
Version:
   Company:    Microsoft Corporation
   Product:    Microsoft® Windows® Operating System
   FileDesc:   User Profile Basic API
   FileVer:    6.3.9600.17415
   ProdVer:    6.3.9600.17415

Module 58
C:\Windows\SYSTEM32\kernel.appcore.dll
Image Base: 0x74f30000  Image Size: 0x00009000
File Size:  29920       File Time:  2014-10-28_201848
Version:
   Company:    Microsoft Corporation
   Product:    Microsoft® Windows® Operating System
   FileDesc:   AppModel API Host
   FileVer:    6.3.9600.17415
   ProdVer:    6.3.9600.17415

Module 59
C:\Windows\system32\uxtheme.dll
Image Base: 0x74f40000  Image Size: 0x000ed000
File Size:  949760      File Time:  2014-10-28_174830
Version:
   Company:    Microsoft Corporation
   Product:    Microsoft® Windows® Operating System
   FileDesc:   Microsoft UxTheme Library
   FileVer:    6.3.9600.17415
   ProdVer:    6.3.9600.17415

Module 60
C:\Windows\SYSTEM32\shcore.dll
Image Base: 0x75030000  Image Size: 0x0008b000
File Size:  560392      File Time:  2015-01-22_220234
Version:
   Company:    Microsoft Corporation
   Product:    Microsoft® Windows® Operating System
   FileDesc:   SHCORE
   FileVer:    6.3.9600.17666
   ProdVer:    6.3.9600.17666

Module 61
C:\Windows\SYSTEM32\AVRT.dll
Image Base: 0x750c0000  Image Size: 0x0000a000
File Size:  31496       File Time:  2014-10-28_201134
Version:
   Company:    Microsoft Corporation
   Product:    Microsoft® Windows® Operating System
   FileDesc:   Multimedia Realtime Runtime
   FileVer:    6.3.9600.17415
   ProdVer:    6.3.9600.17415

Module 62
C:\Windows\SYSTEM32\bcryptPrimitives.dll
Image Base: 0x750d0000  Image Size: 0x00054000
File Size:  340848      File Time:  2014-10-28_201538
Version:
   Company:    Microsoft Corporation
   Product:    Microsoft® Windows® Operating System
   FileDesc:   Windows Cryptographic Primitives Library
   FileVer:    6.3.9600.17415
   ProdVer:    6.3.9600.17415

Module 63
C:\Windows\SYSTEM32\CRYPTBASE.dll
Image Base: 0x75130000  Image Size: 0x0000a000
File Size:  30984       File Time:  2014-10-28_200516
Version:
   Company:    Microsoft Corporation
   Product:    Microsoft® Windows® Operating System
   FileDesc:   Base cryptographic API DLL
   FileVer:    6.3.9600.17415
   ProdVer:    6.3.9600.17415

Module 64
C:\Windows\SYSTEM32\SspiCli.dll
Image Base: 0x75140000  Image Size: 0x0001e000
File Size:  104960      File Time:  2014-10-28_180606
Version:
   Company:    Microsoft Corporation
   Product:    Microsoft® Windows® Operating System
   FileDesc:   Security Support Provider Interface
   FileVer:    6.3.9600.17415
   ProdVer:    6.3.9600.17415

Module 65
C:\Windows\SYSTEM32\PSAPI.DLL
Image Base: 0x75160000  Image Size: 0x00006000
File Size:  16504       File Time:  2014-10-28_201844
Version:
   Company:    Microsoft Corporation
   Product:    Microsoft® Windows® Operating System
   FileDesc:   Process Status Helper
   FileVer:    6.3.9600.17415
   ProdVer:    6.3.9600.17415

Module 66
C:\Windows\SYSTEM32\ADVAPI32.dll
Image Base: 0x75170000  Image Size: 0x0007c000
File Size:  507152      File Time:  2014-10-28_200614
Version:
   Company:    Microsoft Corporation
   Product:    Microsoft® Windows® Operating System
   FileDesc:   Advanced Windows 32 Base API
   FileVer:    6.3.9600.17415
   ProdVer:    6.3.9600.17415

Module 67
C:\Windows\SYSTEM32\RPCRT4.dll
Image Base: 0x751f0000  Image Size: 0x000ba000
File Size:  747008      File Time:  2014-10-28_180756
Version:
   Company:    Microsoft Corporation
   Product:    Microsoft® Windows® Operating System
   FileDesc:   Remote Procedure Call Runtime
   FileVer:    6.3.9600.17415
   ProdVer:    6.3.9600.17415

Module 68
C:\Windows\SYSTEM32\SETUPAPI.dll
Image Base: 0x752b0000  Image Size: 0x001b1000
File Size:  1782912     File Time:  2014-10-28_201848
Version:
   Company:    Microsoft Corporation
   Product:    Microsoft® Windows® Operating System
   FileDesc:   Windows Setup API
   FileVer:    6.3.9600.17415
   ProdVer:    6.3.9600.17415

Module 69
C:\Windows\SYSTEM32\KERNEL32.DLL
Image Base: 0x75470000  Image Size: 0x00140000
File Size:  1040384     File Time:  2014-10-28_185824
Version:
   Company:    Microsoft Corporation
   Product:    Microsoft® Windows® Operating System
   FileDesc:   Windows NT BASE API Client DLL
   FileVer:    6.3.9600.17415
   ProdVer:    6.3.9600.17415

Module 70
C:\Windows\SYSTEM32\MSCTF.dll
Image Base: 0x755b0000  Image Size: 0x00112000
File Size:  1124352     File Time:  2015-03-14_011352
Version:
   Company:    Microsoft Corporation
   Product:    Microsoft® Windows® Operating System
   FileDesc:   MSCTF Server DLL
   FileVer:    6.3.9600.17706
   ProdVer:    6.3.9600.17706

Module 71
C:\Windows\SYSTEM32\USER32.dll
Image Base: 0x75840000  Image Size: 0x00153000
File Size:  1376256     File Time:  2014-10-28_180436
Version:
   Company:    Microsoft Corporation
   Product:    Microsoft® Windows® Operating System
   FileDesc:   Multi-User Windows USER API Client DLL
   FileVer:    6.3.9600.17415
   ProdVer:    6.3.9600.17415

Module 72
C:\Windows\SYSTEM32\SHELL32.dll
Image Base: 0x759a0000  Image Size: 0x012ac000
File Size:  19731824    File Time:  2015-02-12_103408
Version:
   Company:    Microsoft Corporation
   Product:    Microsoft® Windows® Operating System
   FileDesc:   Windows Shell Common Dll
   FileVer:    6.3.9600.17680
   ProdVer:    6.3.9600.17680

Module 73
C:\Windows\SYSTEM32\WINTRUST.dll
Image Base: 0x76c50000  Image Size: 0x0003d000
File Size:  245296      File Time:  2014-10-28_201538
Version:
   Company:    Microsoft Corporation
   Product:    Microsoft® Windows® Operating System
   FileDesc:   Microsoft Trust Verification APIs
   FileVer:    6.3.9600.17415
   ProdVer:    6.3.9600.17415

Module 74
C:\Windows\SYSTEM32\GDI32.dll
Image Base: 0x76d90000  Image Size: 0x0010e000
File Size:  1096704     File Time:  2014-10-28_181020
Version:
   Company:    Microsoft Corporation
   Product:    Microsoft® Windows® Operating System
   FileDesc:   GDI Client DLL
   FileVer:    6.3.9600.17415
   ProdVer:    6.3.9600.17415

Module 75
C:\Windows\SYSTEM32\OLEAUT32.dll
Image Base: 0x76ea0000  Image Size: 0x00095000
File Size:  602776      File Time:  2014-12-19_012530
Version:
   Company:    Microsoft Corporation
   Product:    
   FileDesc:   
   FileVer:    6.3.9600.17560
   ProdVer:    6.3.9600.17560

Module 76
C:\Windows\SYSTEM32\WS2_32.dll
Image Base: 0x76f40000  Image Size: 0x00050000
File Size:  321248      File Time:  2014-10-28_200516
Version:
   Company:    Microsoft Corporation
   Product:    Microsoft® Windows® Operating System
   FileDesc:   Windows Socket 2.0 32-Bit DLL
   FileVer:    6.3.9600.17415
   ProdVer:    6.3.9600.17415

Module 77
C:\Windows\SYSTEM32\NSI.dll
Image Base: 0x76f90000  Image Size: 0x00007000
File Size:  20120       File Time:  2014-10-28_200516
Version:
   Company:    Microsoft Corporation
   Product:    Microsoft® Windows® Operating System
   FileDesc:   NSI User-mode interface DLL
   FileVer:    6.3.9600.17415
   ProdVer:    6.3.9600.17415

Module 78
C:\Windows\SYSTEM32\msvcrt.dll
Image Base: 0x76fa0000  Image Size: 0x000c3000
File Size:  800008      File Time:  2014-10-28_200630
Version:
   Company:    Microsoft Corporation
   Product:    Microsoft® Windows® Operating System
   FileDesc:   Windows NT CRT DLL
   FileVer:    7.0.9600.17415
   ProdVer:    6.1.8638.17415

Module 79
C:\Windows\SYSTEM32\combase.dll
Image Base: 0x770a0000  Image Size: 0x0017d000
File Size:  1564464     File Time:  2014-10-28_201002
Version:
   Company:    Microsoft Corporation
   Product:    Microsoft® Windows® Operating System
   FileDesc:   Microsoft COM for Windows
   FileVer:    6.3.9600.17415
   ProdVer:    6.3.9600.17415

Module 80
C:\Windows\SYSTEM32\cfgmgr32.dll
Image Base: 0x77220000  Image Size: 0x0003c000
File Size:  241168      File Time:  2014-10-28_201848
Version:
   Company:    Microsoft Corporation
   Product:    Microsoft® Windows® Operating System
   FileDesc:   Configuration Manager DLL
   FileVer:    6.3.9600.17415
   ProdVer:    6.3.9600.17415

Module 81
C:\Windows\SYSTEM32\SHLWAPI.dll
Image Base: 0x77260000  Image Size: 0x00045000
File Size:  278352      File Time:  2014-10-28_201056
Version:
   Company:    Microsoft Corporation
   Product:    Microsoft® Windows® Operating System
   FileDesc:   Shell Light-weight Utility Library
   FileVer:    6.3.9600.17415
   ProdVer:    6.3.9600.17415

Module 82
C:\Windows\SYSTEM32\ole32.dll
Image Base: 0x772b0000  Image Size: 0x00128000
File Size:  1209624     File Time:  2014-10-28_201002
Version:
   Company:    Microsoft Corporation
   Product:    Microsoft® Windows® Operating System
   FileDesc:   Microsoft OLE for Windows
   FileVer:    6.3.9600.17415
   ProdVer:    6.3.9600.17415

Module 83
C:\Windows\SYSTEM32\clbcatq.dll
Image Base: 0x773e0000  Image Size: 0x0008d000
File Size:  569128      File Time:  2014-10-28_201002
Version:
   Company:    Microsoft Corporation
   Product:    Microsoft® Windows® Operating System
   FileDesc:   COM+ Configuration Catalog
   FileVer:    2001.12.10530.17415
   ProdVer:    6.3.9600.17415

Module 84
C:\Windows\SYSTEM32\MSASN1.dll
Image Base: 0x77470000  Image Size: 0x0000e000
File Size:  51608       File Time:  2014-10-28_201534
Version:
   Company:    Microsoft Corporation
   Product:    Microsoft® Windows® Operating System
   FileDesc:   ASN.1 Runtime APIs
   FileVer:    6.3.9600.17415
   ProdVer:    6.3.9600.17415

Module 85
C:\Windows\SYSTEM32\CRYPT32.dll
Image Base: 0x77510000  Image Size: 0x00188000
File Size:  1612992     File Time:  2014-10-30_163858
Version:
   Company:    Microsoft Corporation
   Product:    Microsoft® Windows® Operating System
   FileDesc:   Crypto API32
   FileVer:    6.3.9600.17475
   ProdVer:    6.3.9600.17475

Module 86
C:\Windows\SYSTEM32\KERNELBASE.dll
Image Base: 0x776a0000  Image Size: 0x000d7000
File Size:  862720      File Time:  2014-10-28_190316
Version:
   Company:    Microsoft Corporation
   Product:    Microsoft® Windows® Operating System
   FileDesc:   Windows NT BASE API Client DLL
   FileVer:    6.3.9600.17415
   ProdVer:    6.3.9600.17415

Module 87
C:\Windows\SYSTEM32\sechost.dll
Image Base: 0x77780000  Image Size: 0x00041000
File Size:  257216      File Time:  2015-03-23_144506
Version:
   Company:    Microsoft Corporation
   Product:    Microsoft® Windows® Operating System
   FileDesc:   Host for SCM/SDDL/LSA Lookup APIs
   FileVer:    6.3.9600.17734
   ProdVer:    6.3.9600.17734

Module 88
C:\Windows\SYSTEM32\IMM32.dll
Image Base: 0x77830000  Image Size: 0x00027000
File Size:  141312      File Time:  2014-10-28_185950
Version:
   Company:    Microsoft Corporation
   Product:    Microsoft® Windows® Operating System
   FileDesc:   Multi-User Windows IMM32 API Client DLL
   FileVer:    6.3.9600.17415
   ProdVer:    6.3.9600.17415

Module 89
C:\Windows\SYSTEM32\ntdll.dll
Image Base: 0x77940000  Image Size: 0x0016e000
File Size:  1498872     File Time:  2015-03-23_145900
Version:
   Company:    Microsoft Corporation
   Product:    Microsoft® Windows® Operating System
   FileDesc:   NT Layer DLL
   FileVer:    6.3.9600.17736
   ProdVer:    6.3.9600.17736


== [end of error.log] ==
